16/03/2020 19:05:48 : Creating new block
16/03/2020 19:05:48 : Block added Index=0, previous hash=1
16/03/2020 19:05:48 : BlockChain Initialized : NodeId=b315b4891ecb4e8cab76a6442c5f5903
16/03/2020 19:05:48 : Web Service Listening on port: 12345
16/03/2020 19:05:48 : Rolling back, loading previous : C:\repos\40448091\eSecurity\assignment\blockchain\BlockChainServerNode\BlockChain.Console\bin\Debug\RLWE\checkpoints\20200316181808.chk
16/03/2020 19:07:32 : Rolling complete
16/03/2020 19:08:44 : Request:/transactions/new
16/03/2020 19:08:44 : Adding Transaction id=b3b499cf-eb0a-4a68-8bbf-aa9341480934 
16/03/2020 19:08:44 : Signature is valid, Transaction added id=b3b499cf-eb0a-4a68-8bbf-aa9341480934
16/03/2020 19:08:44 : Signature validation failed, transaction rejected id=b3b499cf-eb0a-4a68-8bbf-aa9341480934
16/03/2020 19:08:59 : Request:/balance
16/03/2020 19:09:27 : Request:/transactions/new
16/03/2020 19:09:27 : Adding Transaction id=325375f1-f9b9-4c61-bbfd-65de7fb100a0 
16/03/2020 19:09:27 : Signature is valid, Transaction added id=325375f1-f9b9-4c61-bbfd-65de7fb100a0
16/03/2020 19:09:31 : Request:/balance
16/03/2020 19:10:05 : Rolling back, loading previous : C:\repos\40448091\eSecurity\assignment\blockchain\BlockChainServerNode\BlockChain.Console\bin\Debug\RLWE\checkpoints\20200316181808.chk
16/03/2020 19:10:05 : Rolling complete
16/03/2020 19:10:14 : Request:/balance
16/03/2020 19:11:43 : Request:/transactions/new
16/03/2020 19:11:43 : Adding Transaction id=5ba14adf-fbb8-4ef4-875b-cf0b0110fce9 
16/03/2020 19:11:43 : Signature is valid, Transaction added id=5ba14adf-fbb8-4ef4-875b-cf0b0110fce9
16/03/2020 19:11:48 : Request:/balance
16/03/2020 19:21:56 : Request:/balance
