2020-03-29 19:23:32.917 : Creating new block
2020-03-29 19:23:32.924 : Block added Index=0, previous hash=1
2020-03-29 19:23:32.932 : BlockChain Initialized : NodeId=Node 1
2020-03-29 19:23:32.941 : Node Registered : http://localhost:12346
2020-03-29 19:23:32.958 : Web Service Listening on port: 12345
2020-03-29 19:23:33.005 : Rolling back, loading previous : C:\repos\40448091\eSecurity\assignment\blockchain\BlockChainServerNode\BlockChain.Console\bin\Debug\RLWE\checkpoints\20200329185314.chk
2020-03-29 19:23:33.253 : Rolling complete: C:\repos\40448091\eSecurity\assignment\blockchain\BlockChainServerNode\BlockChain.Console\bin\Debug\RLWE\checkpoints\20200329185314.chk
2020-03-29 19:24:04.774 : Request:/balance
2020-03-29 19:24:23.341 : Mining for new block for ID=193fdac90384c9c1371ec33636c2bf17f3dbf75b
2020-03-29 19:24:23.361 : Resolving conflicts
2020-03-29 19:24:23.385 : getting chain from : http://localhost:12346/
2020-03-29 19:24:27.479 : Deregistering unresponsive node: http://localhost:12346/
2020-03-29 19:24:27.771 : Adding Transaction id=6925df7e-544e-4b26-9f17-f9d939d6678b 
2020-03-29 19:24:27.778 : Creating new block
2020-03-29 19:24:27.785 : Block added Index=38, previous hash=629a48d3311cdf14b81368852f528e46e4e72292ebaf29f050225c944c238028
2020-03-29 19:24:27.794 : Mined new block Index=38, Proof=11717, previous Hash=629a48d3311cdf14b81368852f528e46e4e72292ebaf29f050225c944c238028
2020-03-29 19:24:33.112 : Request:/balance
2020-03-29 19:24:52.427 : Mining for new block for ID=193fdac90384c9c1371ec33636c2bf17f3dbf75b
2020-03-29 19:24:52.436 : Resolving conflicts
2020-03-29 19:24:53.066 : Adding Transaction id=874d66ed-35e4-4f66-bda7-263e541bf8d6 
2020-03-29 19:24:53.072 : Creating new block
2020-03-29 19:24:53.081 : Block added Index=39, previous hash=fe189eb2d1f9b70db69979e3be0ae4857349ed364f0644d1187e21e2dd86ef85
2020-03-29 19:24:53.087 : Mined new block Index=39, Proof=39666, previous Hash=fe189eb2d1f9b70db69979e3be0ae4857349ed364f0644d1187e21e2dd86ef85
