2020-03-28 20:06:56.847 : Creating new block
2020-03-28 20:06:56.855 : Block added Index=0, previous hash=1
2020-03-28 20:06:56.864 : BlockChain Initialized : NodeId=7abb7324a9614f469815158112290aa4
2020-03-28 20:06:56.873 : Node Registered : http://localhost:12346
2020-03-28 20:06:56.886 : Web Service Listening on port: 12345
2020-03-28 20:06:56.915 : Rolling back, loading previous : C:\repos\40448091\eSecurity\assignment\blockchain\BlockChainServerNode\BlockChain.Console\bin\Debug\RLWE\checkpoints\20200328191511.chk
2020-03-28 20:06:57.306 : Rolling complete: C:\repos\40448091\eSecurity\assignment\blockchain\BlockChainServerNode\BlockChain.Console\bin\Debug\RLWE\checkpoints\20200328191511.chk
2020-03-28 20:07:08.197 : Request:/test/miner/start?193fdac90384c9c1371ec33636c2bf17f3dbf75b&15
2020-03-28 20:07:37.919 : Mining for new block for ID=193fdac90384c9c1371ec33636c2bf17f3dbf75b
2020-03-28 20:07:38.271 : Resolving conflicts
2020-03-28 20:07:38.276 : getting chain from : http://localhost:12346/
2020-03-28 20:07:42.334 : Deregistering unresponsive node: http://localhost:12346/
2020-03-28 20:07:42.402 : Adding Transaction id=b9be5079-8329-44e4-aead-849eaaa64937 
2020-03-28 20:07:42.420 : Invalid Input signature, Transaction id=b9be5079-8329-44e4-aead-849eaaa64937
2020-03-28 20:07:42.429 : Creating new block
2020-03-28 20:07:42.439 : Block added Index=6, previous hash=bd8efe82ae0f22a1dcd86e90c4963ea0459b1d5f584f1a7cff8338a1edc852dc
2020-03-28 20:07:42.449 : Mined new block Index=6, Proof=12910, previous Hash=bd8efe82ae0f22a1dcd86e90c4963ea0459b1d5f584f1a7cff8338a1edc852dc
2020-03-28 20:07:57.469 : Mining for new block for ID=193fdac90384c9c1371ec33636c2bf17f3dbf75b
2020-03-28 20:07:58.612 : Resolving conflicts
2020-03-28 20:07:58.619 : Adding Transaction id=3c7c6c67-03c1-4294-8bd3-6e1396714cdf 
2020-03-28 20:07:58.626 : Invalid Input signature, Transaction id=3c7c6c67-03c1-4294-8bd3-6e1396714cdf
2020-03-28 20:07:58.631 : Creating new block
2020-03-28 20:07:58.637 : Block added Index=7, previous hash=54af58bfbce42dd61097b46fc4a93896511133ce50e47acaf8314f59692bb158
2020-03-28 20:07:58.643 : Mined new block Index=7, Proof=76361, previous Hash=54af58bfbce42dd61097b46fc4a93896511133ce50e47acaf8314f59692bb158
2020-03-28 20:08:13.657 : Mining for new block for ID=193fdac90384c9c1371ec33636c2bf17f3dbf75b
2020-03-28 20:08:15.723 : Resolving conflicts
2020-03-28 20:08:15.729 : Adding Transaction id=f7ec08b6-98cf-4c9d-87c3-cb0657300b2f 
2020-03-28 20:08:15.738 : Invalid Input signature, Transaction id=f7ec08b6-98cf-4c9d-87c3-cb0657300b2f
2020-03-28 20:08:15.745 : Creating new block
2020-03-28 20:08:15.752 : Block added Index=8, previous hash=388d54b465387b5eaec49671990172a32570d66a75b8cbca63f6935bf5a0cde0
2020-03-28 20:08:15.758 : Mined new block Index=8, Proof=146617, previous Hash=388d54b465387b5eaec49671990172a32570d66a75b8cbca63f6935bf5a0cde0
2020-03-28 20:08:30.779 : Mining for new block for ID=193fdac90384c9c1371ec33636c2bf17f3dbf75b
2020-03-28 20:08:31.738 : Resolving conflicts
2020-03-28 20:08:31.745 : Adding Transaction id=290a8377-af9d-45dd-ad02-727dbde397bf 
2020-03-28 20:08:31.751 : Invalid Input signature, Transaction id=290a8377-af9d-45dd-ad02-727dbde397bf
2020-03-28 20:08:31.757 : Creating new block
2020-03-28 20:08:31.763 : Block added Index=9, previous hash=16fc262551e9e75be7b2946a10c3d94b79eeda0dd378a612e502520df70ffd04
2020-03-28 20:08:31.769 : Mined new block Index=9, Proof=63666, previous Hash=16fc262551e9e75be7b2946a10c3d94b79eeda0dd378a612e502520df70ffd04
2020-03-28 20:08:46.783 : Mining for new block for ID=193fdac90384c9c1371ec33636c2bf17f3dbf75b
2020-03-28 20:08:48.967 : Resolving conflicts
2020-03-28 20:08:48.975 : Adding Transaction id=575147eb-88ee-4ab0-8faf-5ba190fc7187 
2020-03-28 20:08:48.985 : Invalid Input signature, Transaction id=575147eb-88ee-4ab0-8faf-5ba190fc7187
2020-03-28 20:08:48.993 : Creating new block
2020-03-28 20:08:49.003 : Block added Index=10, previous hash=ec614b88e0331adf1c9f8555a4a29c9dfa66fa3a49a2d73570a9fefb7d8a85e2
2020-03-28 20:08:49.012 : Mined new block Index=10, Proof=148742, previous Hash=ec614b88e0331adf1c9f8555a4a29c9dfa66fa3a49a2d73570a9fefb7d8a85e2
2020-03-28 20:09:04.030 : Mining for new block for ID=193fdac90384c9c1371ec33636c2bf17f3dbf75b
2020-03-28 20:09:04.959 : Resolving conflicts
2020-03-28 20:09:04.966 : Adding Transaction id=9b9dd6f1-e2aa-423b-981a-16c4e89f0f31 
2020-03-28 20:09:04.973 : Invalid Input signature, Transaction id=9b9dd6f1-e2aa-423b-981a-16c4e89f0f31
2020-03-28 20:09:04.978 : Creating new block
2020-03-28 20:09:04.984 : Block added Index=11, previous hash=285980274fc392058a24d298d023c94425fff2845a105c1b94e09a323bf0d21d
2020-03-28 20:09:04.990 : Mined new block Index=11, Proof=58978, previous Hash=285980274fc392058a24d298d023c94425fff2845a105c1b94e09a323bf0d21d
2020-03-28 20:09:20.005 : Mining for new block for ID=193fdac90384c9c1371ec33636c2bf17f3dbf75b
2020-03-28 20:09:20.606 : Resolving conflicts
2020-03-28 20:09:20.613 : Adding Transaction id=997db9fb-e82e-4390-a1c3-94ca23157504 
2020-03-28 20:09:20.620 : Invalid Input signature, Transaction id=997db9fb-e82e-4390-a1c3-94ca23157504
2020-03-28 20:09:20.625 : Creating new block
2020-03-28 20:09:20.631 : Block added Index=12, previous hash=34603f4ac229e0c00ddbb50810731230209f93344667101f60243d6bb87c6e79
2020-03-28 20:09:20.638 : Mined new block Index=12, Proof=37591, previous Hash=34603f4ac229e0c00ddbb50810731230209f93344667101f60243d6bb87c6e79
2020-03-28 20:09:35.652 : Mining for new block for ID=193fdac90384c9c1371ec33636c2bf17f3dbf75b
2020-03-28 20:09:36.082 : Resolving conflicts
2020-03-28 20:09:36.089 : Adding Transaction id=2ae7e7eb-4694-4a76-ae92-4810b6d28b05 
2020-03-28 20:09:36.096 : Invalid Input signature, Transaction id=2ae7e7eb-4694-4a76-ae92-4810b6d28b05
2020-03-28 20:09:36.102 : Creating new block
2020-03-28 20:09:36.108 : Block added Index=13, previous hash=6f60d82a590fa58ebd9c2dad51b06d42a7a87554b0402495aa116d71506bc7eb
2020-03-28 20:09:36.114 : Mined new block Index=13, Proof=23018, previous Hash=6f60d82a590fa58ebd9c2dad51b06d42a7a87554b0402495aa116d71506bc7eb
2020-03-28 20:09:41.387 : Request:/test/miner/stop
2020-03-28 20:10:03.971 : Rolling back, loading previous : C:\repos\40448091\eSecurity\assignment\blockchain\BlockChainServerNode\BlockChain.Console\bin\Debug\RLWE\checkpoints\20200328191511.chk
2020-03-28 20:10:03.986 : Rolling complete: C:\repos\40448091\eSecurity\assignment\blockchain\BlockChainServerNode\BlockChain.Console\bin\Debug\RLWE\checkpoints\20200328191511.chk
2020-03-28 20:10:08.002 : Saving checkpoint
2020-03-28 20:10:08.023 : Checkpoint saved : 20200328201008.chk
