2020-03-30 21:54:49.516 : Creating new block
2020-03-30 21:54:49.532 : Block added Index=0, previous hash=1
2020-03-30 21:54:49.540 : BlockChain Initialized : NodeId=Node 1
2020-03-30 21:54:49.546 : Node Registered : http://localhost:12346
2020-03-30 21:54:49.582 : Web Service Listening on port: 12345
2020-03-30 21:54:49.613 : Rolling back, loading previous : C:\repos\40448091\eSecurity\assignment\blockchain\BlockChainServerNode\BlockChain.Console\bin\Debug\RLWE\checkpoints\20200329193619.chk
2020-03-30 21:54:49.919 : Rolling complete: C:\repos\40448091\eSecurity\assignment\blockchain\BlockChainServerNode\BlockChain.Console\bin\Debug\RLWE\checkpoints\20200329193619.chk
2020-03-30 21:55:11.645 : Request:/balance
2020-03-30 21:58:16.634 : Request:/balance
2020-03-30 22:15:18.239 : Request:/test/start?001
2020-03-30 22:15:18.247 : Test 001 Start ----------------------------------------
2020-03-30 22:15:33.687 : Request:/test/miner/start?193fdac90384c9c1371ec33636c2bf17f3dbf75b
2020-03-30 22:15:57.728 : Mining for new block for ID=193fdac90384c9c1371ec33636c2bf17f3dbf75b
2020-03-30 22:15:57.747 : Resolving conflicts
2020-03-30 22:15:57.759 : getting chain from : http://localhost:12346/
2020-03-30 22:16:01.866 : Deregistering unresponsive node: http://localhost:12346/
2020-03-30 22:16:02.175 : Adding Transaction id=181ae444-7ca6-40c0-9312-53c8cd09b803 
2020-03-30 22:16:02.184 : Creating new block
2020-03-30 22:16:02.190 : Block added Index=47, previous hash=4dc0b5b88128b58ea57e352983d3a9ff429de758ccb6c35c91f678e9fab9912b
2020-03-30 22:16:02.196 : Mined new block Index=47, Proof=10175, previous Hash=4dc0b5b88128b58ea57e352983d3a9ff429de758ccb6c35c91f678e9fab9912b
2020-03-30 22:16:20.219 : Mining for new block for ID=193fdac90384c9c1371ec33636c2bf17f3dbf75b
2020-03-30 22:16:20.231 : Resolving conflicts
2020-03-30 22:16:20.310 : Adding Transaction id=5adcb548-7093-4bd9-84b9-dbea62ff579a 
2020-03-30 22:16:20.324 : Creating new block
2020-03-30 22:16:20.347 : Block added Index=48, previous hash=e4786d1ff863a246af922f28dbab1d0a8cb9e46db510598025393ddd5794cc28
2020-03-30 22:16:20.356 : Mined new block Index=48, Proof=2322, previous Hash=e4786d1ff863a246af922f28dbab1d0a8cb9e46db510598025393ddd5794cc28
2020-03-30 22:16:47.384 : Mining for new block for ID=193fdac90384c9c1371ec33636c2bf17f3dbf75b
2020-03-30 22:16:47.401 : Resolving conflicts
2020-03-30 22:16:47.673 : Adding Transaction id=285b3b66-23d6-47fe-8b00-4b22c6bc5685 
2020-03-30 22:16:47.681 : Creating new block
2020-03-30 22:16:47.688 : Block added Index=49, previous hash=30d04eedc6277612041d861e520906803ede9580b184f62c1ee4c4b5dd487eb4
2020-03-30 22:16:47.696 : Mined new block Index=49, Proof=12437, previous Hash=30d04eedc6277612041d861e520906803ede9580b184f62c1ee4c4b5dd487eb4
2020-03-30 22:17:00.725 : Rolling back, loading previous : C:\repos\40448091\eSecurity\assignment\blockchain\BlockChainServerNode\BlockChain.Console\bin\Debug\RLWE\checkpoints\20200329193619.chk
2020-03-30 22:17:00.742 : Rolling complete: C:\repos\40448091\eSecurity\assignment\blockchain\BlockChainServerNode\BlockChain.Console\bin\Debug\RLWE\checkpoints\20200329193619.chk
2020-03-30 22:18:12.740 : Request:/test/start?001
2020-03-30 22:18:12.751 : Test 001 Start ----------------------------------------
2020-03-30 22:18:12.762 : Request:/test/miner/start?193fdac90384c9c1371ec33636c2bf17f3dbf75b
2020-03-30 22:18:37.792 : Mining for new block for ID=193fdac90384c9c1371ec33636c2bf17f3dbf75b
2020-03-30 22:18:37.809 : Resolving conflicts
2020-03-30 22:18:38.029 : Adding Transaction id=ae8706bb-85c6-411d-bb2d-24cada645900 
2020-03-30 22:18:38.036 : Creating new block
2020-03-30 22:18:38.042 : Block added Index=47, previous hash=4dc0b5b88128b58ea57e352983d3a9ff429de758ccb6c35c91f678e9fab9912b
2020-03-30 22:18:38.048 : Mined new block Index=47, Proof=10175, previous Hash=4dc0b5b88128b58ea57e352983d3a9ff429de758ccb6c35c91f678e9fab9912b
2020-03-30 22:18:51.064 : Mining for new block for ID=193fdac90384c9c1371ec33636c2bf17f3dbf75b
2020-03-30 22:18:51.070 : Resolving conflicts
2020-03-30 22:18:51.117 : Adding Transaction id=d13ae747-1ed2-4b56-bc90-48965ff460ec 
2020-03-30 22:18:51.124 : Creating new block
2020-03-30 22:18:51.130 : Block added Index=48, previous hash=a99cd1ab6b92ad378dd3bc51887c5a30cfd162368590f48a7483f44a1cad967b
2020-03-30 22:18:51.137 : Mined new block Index=48, Proof=2322, previous Hash=a99cd1ab6b92ad378dd3bc51887c5a30cfd162368590f48a7483f44a1cad967b
2020-03-30 22:19:00.989 : Request:/test/start?001
2020-03-30 22:19:00.996 : Test 001 Start ----------------------------------------
2020-03-30 22:19:01.005 : Request:/test/miner/start?193fdac90384c9c1371ec33636c2bf17f3dbf75b
2020-03-30 22:19:07.157 : Mining for new block for ID=193fdac90384c9c1371ec33636c2bf17f3dbf75b
2020-03-30 22:19:07.165 : Resolving conflicts
2020-03-30 22:19:08.197 : Adding Transaction id=54f77295-1ccd-42a9-8023-3fa178fd6372 
2020-03-30 22:19:08.203 : Creating new block
2020-03-30 22:19:08.210 : Block added Index=49, previous hash=18d61ffac011d9aab510f93fb63a50e3231e763c6f31e37d63e36f8009f645bb
2020-03-30 22:19:08.216 : Mined new block Index=49, Proof=68650, previous Hash=18d61ffac011d9aab510f93fb63a50e3231e763c6f31e37d63e36f8009f645bb
2020-03-30 22:19:29.033 : Mining for new block for ID=193fdac90384c9c1371ec33636c2bf17f3dbf75b
2020-03-30 22:19:29.044 : Resolving conflicts
2020-03-30 22:19:29.296 : Adding Transaction id=abb3b80d-6f82-44a9-afae-d5a4aa008533 
2020-03-30 22:19:29.303 : Creating new block
2020-03-30 22:19:29.309 : Block added Index=50, previous hash=b6a07e12d81c997096f72c82899584a7295004f41048b3af0934a2124ea36240
2020-03-30 22:19:29.318 : Mined new block Index=50, Proof=13070, previous Hash=b6a07e12d81c997096f72c82899584a7295004f41048b3af0934a2124ea36240
2020-03-30 22:19:31.236 : Mining for new block for ID=193fdac90384c9c1371ec33636c2bf17f3dbf75b
2020-03-30 22:19:31.251 : Resolving conflicts
2020-03-30 22:19:31.789 : Adding Transaction id=47ab9a15-c9ab-486b-ae6e-9e4f0b24659b 
2020-03-30 22:19:31.797 : Creating new block
2020-03-30 22:19:31.803 : Block added Index=51, previous hash=357202ad43486e3990c01b50dca0cd2e91b671464a936075730d80b02aa02990
2020-03-30 22:19:31.809 : Mined new block Index=51, Proof=33872, previous Hash=357202ad43486e3990c01b50dca0cd2e91b671464a936075730d80b02aa02990
2020-03-30 22:19:43.334 : Mining for new block for ID=193fdac90384c9c1371ec33636c2bf17f3dbf75b
2020-03-30 22:19:43.348 : Resolving conflicts
2020-03-30 22:19:44.737 : Adding Transaction id=04e5ef83-0b1b-443e-8136-af464c1af938 
2020-03-30 22:19:44.747 : Creating new block
2020-03-30 22:19:44.756 : Block added Index=52, previous hash=94fc789ebb57ccc3e74013f059e43a04cca604d3d0b9435b842bcb121b820c03
2020-03-30 22:19:44.762 : Mined new block Index=52, Proof=92450, previous Hash=94fc789ebb57ccc3e74013f059e43a04cca604d3d0b9435b842bcb121b820c03
2020-03-30 22:19:53.831 : Mining for new block for ID=193fdac90384c9c1371ec33636c2bf17f3dbf75b
2020-03-30 22:19:53.846 : Resolving conflicts
2020-03-30 22:19:54.774 : Mining for new block for ID=193fdac90384c9c1371ec33636c2bf17f3dbf75b
2020-03-30 22:19:54.780 : Resolving conflicts
2020-03-30 22:19:54.813 : Adding Transaction id=b10a548d-8356-411b-8d94-cc121819cb51 
2020-03-30 22:19:54.820 : Creating new block
2020-03-30 22:19:54.827 : Block added Index=53, previous hash=6bf83e82fe59f5ad777aafc86be27de85c24bca27c2a929dd635c9e12891e012
2020-03-30 22:19:54.834 : Mined new block Index=53, Proof=65821, previous Hash=6bf83e82fe59f5ad777aafc86be27de85c24bca27c2a929dd635c9e12891e012
2020-03-30 22:19:55.735 : Adding Transaction id=c0039413-69d9-4361-94ea-5879c5f9706e 
2020-03-30 22:19:55.741 : Creating new block
2020-03-30 22:19:55.747 : Block added Index=54, previous hash=9fb89275b63704952a6f6c80e4fbf98e99e2b11ac2693a3f6420f3ad53608aae
2020-03-30 22:19:55.753 : Mined new block Index=54, Proof=65821, previous Hash=9fb89275b63704952a6f6c80e4fbf98e99e2b11ac2693a3f6420f3ad53608aae
2020-03-30 22:20:06.763 : Mining for new block for ID=193fdac90384c9c1371ec33636c2bf17f3dbf75b
2020-03-30 22:20:06.777 : Resolving conflicts
2020-03-30 22:20:06.877 : Adding Transaction id=2d9dbbc4-63c7-4211-9c6c-a985fb407aa8 
2020-03-30 22:20:06.892 : Creating new block
2020-03-30 22:20:06.906 : Block added Index=55, previous hash=b47060098a8dbbbdbcb398f83ee0dfb0762037f4f275900426ab9ed206fb58b3
2020-03-30 22:20:06.916 : Mined new block Index=55, Proof=3255, previous Hash=b47060098a8dbbbdbcb398f83ee0dfb0762037f4f275900426ab9ed206fb58b3
2020-03-30 22:20:13.854 : Mining for new block for ID=193fdac90384c9c1371ec33636c2bf17f3dbf75b
2020-03-30 22:20:13.868 : Resolving conflicts
2020-03-30 22:20:16.374 : Adding Transaction id=bfa58b6a-8548-45a8-b61c-0370aaeeb25b 
2020-03-30 22:20:16.380 : Creating new block
2020-03-30 22:20:16.386 : Block added Index=56, previous hash=509fdb6eb0fbebaafd440bacfe234e0e8382b8f2410ce64c59fb18a6960acdfc
2020-03-30 22:20:16.392 : Mined new block Index=56, Proof=165367, previous Hash=509fdb6eb0fbebaafd440bacfe234e0e8382b8f2410ce64c59fb18a6960acdfc
2020-03-30 22:20:17.930 : Mining for new block for ID=193fdac90384c9c1371ec33636c2bf17f3dbf75b
2020-03-30 22:20:17.938 : Resolving conflicts
2020-03-30 22:20:18.433 : Adding Transaction id=33a995d9-c694-4cb0-9811-3fc7db0b2b87 
2020-03-30 22:20:18.439 : Creating new block
2020-03-30 22:20:18.446 : Block added Index=57, previous hash=100a75971899945310874bcceba97a997aa3e0482e6ab5bab9570cfc9346cec4
2020-03-30 22:20:18.452 : Mined new block Index=57, Proof=30377, previous Hash=100a75971899945310874bcceba97a997aa3e0482e6ab5bab9570cfc9346cec4
2020-03-30 22:20:32.725 : Request:/test/start?001
2020-03-30 22:20:32.732 : Test 001 Start ----------------------------------------
2020-03-30 22:20:32.742 : Request:/test/miner/start?193fdac90384c9c1371ec33636c2bf17f3dbf75b
2020-03-30 22:20:42.414 : Mining for new block for ID=193fdac90384c9c1371ec33636c2bf17f3dbf75b
2020-03-30 22:20:42.421 : Resolving conflicts
2020-03-30 22:20:42.896 : Adding Transaction id=645bc212-aa22-4eec-8c9d-b61a6b1ceb89 
2020-03-30 22:20:42.903 : Creating new block
2020-03-30 22:20:42.909 : Block added Index=58, previous hash=88b60dff69a57265c463dbbe6aa6d28da9ce4d7d73742d35e0e18dbe2de62c1f
2020-03-30 22:20:42.915 : Mined new block Index=58, Proof=28485, previous Hash=88b60dff69a57265c463dbbe6aa6d28da9ce4d7d73742d35e0e18dbe2de62c1f
2020-03-30 22:20:44.761 : Mining for new block for ID=193fdac90384c9c1371ec33636c2bf17f3dbf75b
2020-03-30 22:20:44.770 : Resolving conflicts
2020-03-30 22:20:44.795 : Adding Transaction id=dc29fcee-07a7-45e6-b8ae-fafc4428e4fa 
2020-03-30 22:20:44.802 : Creating new block
2020-03-30 22:20:44.808 : Block added Index=59, previous hash=848aac9ee2b1481a3f58eccb9d92ce61d8484aa36d6119d280d9a113626a7580
2020-03-30 22:20:44.816 : Mined new block Index=59, Proof=311, previous Hash=848aac9ee2b1481a3f58eccb9d92ce61d8484aa36d6119d280d9a113626a7580
2020-03-30 22:20:46.477 : Mining for new block for ID=193fdac90384c9c1371ec33636c2bf17f3dbf75b
2020-03-30 22:20:46.493 : Resolving conflicts
2020-03-30 22:20:48.187 : Adding Transaction id=690ff2af-e1de-4e0c-8e7d-a30d1f81551c 
2020-03-30 22:20:48.193 : Creating new block
2020-03-30 22:20:48.199 : Block added Index=60, previous hash=caabdd604eded38a8f849b742884a1e564b580e2407b14334a71128b729062ae
2020-03-30 22:20:48.205 : Mined new block Index=60, Proof=109289, previous Hash=caabdd604eded38a8f849b742884a1e564b580e2407b14334a71128b729062ae
2020-03-30 22:20:54.771 : Request:/transfer
2020-03-30 22:20:54.778 : Adding Transaction id=bb067087-3374-4917-a278-30989d273901 
2020-03-30 22:20:59.222 : Request:/transfer
2020-03-30 22:20:59.231 : Adding Transaction id=3545194a-be03-4214-9394-25801838afb5 
2020-03-30 22:21:01.377 : Request:/transfer
2020-03-30 22:21:01.385 : Adding Transaction id=73f9a87e-f227-4392-82dc-9155a58dfcdb 
2020-03-30 22:21:07.837 : Mining for new block for ID=193fdac90384c9c1371ec33636c2bf17f3dbf75b
2020-03-30 22:21:07.843 : Resolving conflicts
2020-03-30 22:21:08.259 : Adding Transaction id=e29714d4-51aa-43c7-9897-4b7db8577aec 
2020-03-30 22:21:08.266 : Creating new block
2020-03-30 22:21:08.272 : Block added Index=61, previous hash=bdfdeb882366e90a525b85145423185ed77095154c67b9f1427014acc0b97c01
2020-03-30 22:21:08.279 : Mined new block Index=61, Proof=24729, previous Hash=bdfdeb882366e90a525b85145423185ed77095154c67b9f1427014acc0b97c01
2020-03-30 22:21:09.938 : Mining for new block for ID=193fdac90384c9c1371ec33636c2bf17f3dbf75b
2020-03-30 22:21:09.952 : Resolving conflicts
2020-03-30 22:21:11.468 : Adding Transaction id=d82d6c0a-10e0-4fda-931b-307b75beef4e 
2020-03-30 22:21:11.475 : Creating new block
2020-03-30 22:21:11.483 : Block added Index=62, previous hash=8d99d3b96ae7d26fbac03b033a4f6e9e9e26414ad12856b122f6ff2a1efa1456
2020-03-30 22:21:11.489 : Mined new block Index=62, Proof=105217, previous Hash=8d99d3b96ae7d26fbac03b033a4f6e9e9e26414ad12856b122f6ff2a1efa1456
2020-03-30 22:21:11.743 : Request:/transfer
2020-03-30 22:21:11.753 : Adding Transaction id=fdc92797-e347-4c70-ab8a-34cd2b2e6e5a 
2020-03-30 22:21:14.229 : Mining for new block for ID=193fdac90384c9c1371ec33636c2bf17f3dbf75b
2020-03-30 22:21:14.243 : Resolving conflicts
2020-03-30 22:21:14.963 : Adding Transaction id=2b6a591e-7b7b-40f4-aaa3-8dbd0a1cfe2c 
2020-03-30 22:21:14.970 : Creating new block
2020-03-30 22:21:14.976 : Block added Index=63, previous hash=09076a6fb17423aa5669f589e7548b8455f5ca367df48b3ab4c3ec54b9fb6136
2020-03-30 22:21:14.982 : Mined new block Index=63, Proof=45702, previous Hash=09076a6fb17423aa5669f589e7548b8455f5ca367df48b3ab4c3ec54b9fb6136
2020-03-30 22:21:19.251 : Request:/transfer
2020-03-30 22:21:19.260 : Adding Transaction id=6cd44511-cd52-4961-a7f9-dd98a2e4ab2e 
2020-03-30 22:21:19.270 : Request:/test/miner/stop
2020-03-30 22:21:34.511 : Mining for new block for ID=193fdac90384c9c1371ec33636c2bf17f3dbf75b
2020-03-30 22:21:34.527 : Resolving conflicts
2020-03-30 22:21:35.417 : Adding Transaction id=eb12ee0c-4a94-4108-8ad2-ed408438959b 
2020-03-30 22:21:35.423 : Creating new block
2020-03-30 22:21:35.430 : Block added Index=64, previous hash=a32bb5fd88a10db4397915686b2b7d5ea0b5f774636a3a87be5c4cdd21875ee2
2020-03-30 22:21:35.436 : Mined new block Index=64, Proof=58198, previous Hash=a32bb5fd88a10db4397915686b2b7d5ea0b5f774636a3a87be5c4cdd21875ee2
2020-03-30 22:21:37.001 : Mining for new block for ID=193fdac90384c9c1371ec33636c2bf17f3dbf75b
2020-03-30 22:21:37.015 : Resolving conflicts
2020-03-30 22:21:38.939 : Adding Transaction id=8e02c48f-55bd-471a-8878-39342dc0326c 
2020-03-30 22:21:38.946 : Creating new block
2020-03-30 22:21:38.956 : Block added Index=65, previous hash=f69dd24c6aeaecac0d831e16b23bb928044a96ac461157ab09bae7e29b769fac
2020-03-30 22:21:38.965 : Mined new block Index=65, Proof=132927, previous Hash=f69dd24c6aeaecac0d831e16b23bb928044a96ac461157ab09bae7e29b769fac
2020-03-30 22:21:50.985 : Mining for new block for ID=193fdac90384c9c1371ec33636c2bf17f3dbf75b
2020-03-30 22:21:50.999 : Resolving conflicts
2020-03-30 22:21:51.369 : Adding Transaction id=f4addbe1-29f2-46b5-8a2e-ef8fbd370e45 
2020-03-30 22:21:51.376 : Creating new block
2020-03-30 22:21:51.382 : Block added Index=66, previous hash=3388e9eb2c64d54e7c1a16cac69f80ac61a7d33989719e62a205dd518676281b
2020-03-30 22:21:51.388 : Mined new block Index=66, Proof=17842, previous Hash=3388e9eb2c64d54e7c1a16cac69f80ac61a7d33989719e62a205dd518676281b
2020-03-30 22:22:04.462 : Mining for new block for ID=193fdac90384c9c1371ec33636c2bf17f3dbf75b
2020-03-30 22:22:04.475 : Resolving conflicts
2020-03-30 22:22:04.622 : Adding Transaction id=47729719-60c0-4917-875e-3ce9ad742e78 
2020-03-30 22:22:04.628 : Creating new block
2020-03-30 22:22:04.635 : Block added Index=67, previous hash=5e152eb141ce3adcd5560dae7260caf674e151e2049837505a81ad1ea23bbbae
2020-03-30 22:22:04.641 : Mined new block Index=67, Proof=5648, previous Hash=5e152eb141ce3adcd5560dae7260caf674e151e2049837505a81ad1ea23bbbae
2020-03-30 22:22:14.412 : Mining for new block for ID=193fdac90384c9c1371ec33636c2bf17f3dbf75b
2020-03-30 22:22:14.427 : Resolving conflicts
2020-03-30 22:22:14.617 : Adding Transaction id=4e776bee-7aed-40a8-b639-330583bd37dd 
2020-03-30 22:22:14.624 : Creating new block
2020-03-30 22:22:14.630 : Block added Index=68, previous hash=4f8d08b3e0687458886967f8c54d9c9c64dc9a56b59f022d2ffeae872630db70
2020-03-30 22:22:14.636 : Mined new block Index=68, Proof=8447, previous Hash=4f8d08b3e0687458886967f8c54d9c9c64dc9a56b59f022d2ffeae872630db70
2020-03-30 22:22:18.275 : Rolling back, loading previous : C:\repos\40448091\eSecurity\assignment\blockchain\BlockChainServerNode\BlockChain.Console\bin\Debug\RLWE\checkpoints\20200329193619.chk
2020-03-30 22:22:18.287 : Rolling complete: C:\repos\40448091\eSecurity\assignment\blockchain\BlockChainServerNode\BlockChain.Console\bin\Debug\RLWE\checkpoints\20200329193619.chk
2020-03-30 22:22:27.665 : Mining for new block for ID=193fdac90384c9c1371ec33636c2bf17f3dbf75b
2020-03-30 22:22:27.679 : Resolving conflicts
2020-03-30 22:22:27.889 : Adding Transaction id=cb143a1a-72be-49e9-8c12-8b857cb49bb7 
2020-03-30 22:22:27.895 : Creating new block
2020-03-30 22:22:27.903 : Block added Index=47, previous hash=4dc0b5b88128b58ea57e352983d3a9ff429de758ccb6c35c91f678e9fab9912b
2020-03-30 22:22:27.910 : Mined new block Index=47, Proof=10175, previous Hash=4dc0b5b88128b58ea57e352983d3a9ff429de758ccb6c35c91f678e9fab9912b
2020-03-30 22:22:34.394 : Request:/test/miner/stop
2020-03-30 22:22:41.662 : Mining for new block for ID=193fdac90384c9c1371ec33636c2bf17f3dbf75b
2020-03-30 22:22:41.674 : Resolving conflicts
2020-03-30 22:22:41.742 : Adding Transaction id=c14fb474-77ba-4738-8bb2-6370debfdd70 
2020-03-30 22:22:41.752 : Creating new block
2020-03-30 22:22:41.762 : Block added Index=48, previous hash=5c4f9542449682510a0e2accf6cde22eee31ea16f6e0f1134b4767643549d58f
2020-03-30 22:22:41.772 : Mined new block Index=48, Proof=2322, previous Hash=5c4f9542449682510a0e2accf6cde22eee31ea16f6e0f1134b4767643549d58f
2020-03-30 22:22:43.928 : Mining for new block for ID=193fdac90384c9c1371ec33636c2bf17f3dbf75b
2020-03-30 22:22:43.942 : Resolving conflicts
2020-03-30 22:22:45.341 : Adding Transaction id=8c6cffb9-1b5c-4ffc-9c8c-d95991f7e55d 
2020-03-30 22:22:45.348 : Creating new block
2020-03-30 22:22:45.354 : Block added Index=49, previous hash=3249f832d3eb898b9a195821ccc7ab819ab8b2a30ae6b9d5a1629b98e00e579a
2020-03-30 22:22:45.361 : Mined new block Index=49, Proof=93403, previous Hash=3249f832d3eb898b9a195821ccc7ab819ab8b2a30ae6b9d5a1629b98e00e579a
2020-03-30 22:22:52.790 : Mining for new block for ID=193fdac90384c9c1371ec33636c2bf17f3dbf75b
2020-03-30 22:22:52.804 : Resolving conflicts
2020-03-30 22:22:54.092 : Adding Transaction id=df2f6a2e-b82a-4732-893a-08a47059a846 
2020-03-30 22:22:54.098 : Creating new block
2020-03-30 22:22:54.106 : Block added Index=50, previous hash=2b2543e6cbe3ede71a359821a245540ba413a74057dffab5863f6d2c346d33df
2020-03-30 22:22:54.114 : Mined new block Index=50, Proof=85523, previous Hash=2b2543e6cbe3ede71a359821a245540ba413a74057dffab5863f6d2c346d33df
2020-03-30 22:22:55.374 : Mining for new block for ID=193fdac90384c9c1371ec33636c2bf17f3dbf75b
2020-03-30 22:22:55.386 : Resolving conflicts
2020-03-30 22:22:55.861 : Adding Transaction id=7ccb4c2c-2498-4149-b13b-bf7cbdd2f62f 
2020-03-30 22:22:55.868 : Creating new block
2020-03-30 22:22:55.875 : Block added Index=51, previous hash=6489cd9aad9be91e7dd2b836a42f49c62bb86269824aa104b1da545e128c5315
2020-03-30 22:22:55.881 : Mined new block Index=51, Proof=27724, previous Hash=6489cd9aad9be91e7dd2b836a42f49c62bb86269824aa104b1da545e128c5315
2020-03-30 22:23:08.129 : Mining for new block for ID=193fdac90384c9c1371ec33636c2bf17f3dbf75b
2020-03-30 22:23:08.147 : Resolving conflicts
2020-03-30 22:23:08.248 : Adding Transaction id=9c86527b-5a2b-44fb-9afb-50ea2f978e8c 
2020-03-30 22:23:08.258 : Creating new block
2020-03-30 22:23:08.268 : Block added Index=52, previous hash=101dcdd96a3cba5ed5bdc35f2472f7141fcc3bec465da147c45fe57e281f7009
2020-03-30 22:23:08.278 : Mined new block Index=52, Proof=3482, previous Hash=101dcdd96a3cba5ed5bdc35f2472f7141fcc3bec465da147c45fe57e281f7009
2020-03-30 22:23:13.900 : Mining for new block for ID=193fdac90384c9c1371ec33636c2bf17f3dbf75b
2020-03-30 22:23:13.917 : Resolving conflicts
2020-03-30 22:23:14.534 : Adding Transaction id=b28817ac-47e7-48f3-92d1-143825754ffb 
2020-03-30 22:23:14.541 : Creating new block
2020-03-30 22:23:14.547 : Block added Index=53, previous hash=1f7de642a47d24e96ecdc847f6ab059a69fe86f04c29aa25b692c7d950a9d2de
2020-03-30 22:23:14.553 : Mined new block Index=53, Proof=38243, previous Hash=1f7de642a47d24e96ecdc847f6ab059a69fe86f04c29aa25b692c7d950a9d2de
2020-03-30 22:23:28.567 : Mining for new block for ID=193fdac90384c9c1371ec33636c2bf17f3dbf75b
2020-03-30 22:23:28.581 : Resolving conflicts
2020-03-30 22:23:28.886 : Adding Transaction id=9a50313b-e403-4562-a744-c98983305480 
2020-03-30 22:23:28.892 : Creating new block
2020-03-30 22:23:28.899 : Block added Index=54, previous hash=15877d6a132071434406c30f280d6f5632c6908284e3dee82be1a70d8d1abc6b
2020-03-30 22:23:28.905 : Mined new block Index=54, Proof=15981, previous Hash=15877d6a132071434406c30f280d6f5632c6908284e3dee82be1a70d8d1abc6b
2020-03-30 22:23:36.303 : Mining for new block for ID=193fdac90384c9c1371ec33636c2bf17f3dbf75b
2020-03-30 22:23:36.321 : Resolving conflicts
2020-03-30 22:23:36.710 : Adding Transaction id=20718535-2408-4692-b180-126cf95844e7 
2020-03-30 22:23:36.717 : Creating new block
2020-03-30 22:23:36.723 : Block added Index=55, previous hash=fb86c0cc3d241c7ac024ab6502f1dbbaa3725e283676672e835261b68ee70ea4
2020-03-30 22:23:36.728 : Mined new block Index=55, Proof=22242, previous Hash=fb86c0cc3d241c7ac024ab6502f1dbbaa3725e283676672e835261b68ee70ea4
