2020-03-28 18:33:52.781 : Creating new block
2020-03-28 18:33:52.788 : Block added Index=0, previous hash=1
2020-03-28 18:33:52.796 : BlockChain Initialized : NodeId=bca8dbb374794035ba1be22eceaad707
2020-03-28 18:33:52.804 : Node Registered : http://localhost:12346
2020-03-28 18:33:52.815 : Web Service Listening on port: 12345
2020-03-28 18:33:52.842 : Rolling back, loading previous : C:\repos\40448091\eSecurity\assignment\blockchain\BlockChainServerNode\BlockChain.Console\bin\Debug\RLWE\checkpoints\20200323173111.chk
2020-03-28 18:33:53.095 : Rolling complete: C:\repos\40448091\eSecurity\assignment\blockchain\BlockChainServerNode\BlockChain.Console\bin\Debug\RLWE\checkpoints\20200323173111.chk
2020-03-28 18:34:29.028 : Mining for new block for ID=
2020-03-28 18:34:29.363 : Resolving conflicts
2020-03-28 18:34:29.369 : getting chain from : http://localhost:12346/
2020-03-28 18:34:36.287 : Deregistering unresponsive node: http://localhost:12346/
2020-03-28 18:34:36.375 : Adding Transaction id=71259271-ffe8-4457-8d47-06c3bf2a7b35 
2020-03-28 18:34:36.393 : Invalid Input signature, Transaction id=71259271-ffe8-4457-8d47-06c3bf2a7b35
2020-03-28 18:34:36.402 : Creating new block
2020-03-28 18:34:36.415 : Block added Index=6, previous hash=bd8efe82ae0f22a1dcd86e90c4963ea0459b1d5f584f1a7cff8338a1edc852dc
2020-03-28 18:34:36.423 : Mined new block Index=6, Proof=12910, previous Hash=bd8efe82ae0f22a1dcd86e90c4963ea0459b1d5f584f1a7cff8338a1edc852dc
2020-03-28 18:34:37.434 : Mining for new block for ID=
2020-03-28 18:34:38.629 : Resolving conflicts
2020-03-28 18:34:38.636 : Adding Transaction id=aaec0d7a-568f-46e7-989e-7cd6f9420469 
2020-03-28 18:34:38.642 : Invalid Input signature, Transaction id=aaec0d7a-568f-46e7-989e-7cd6f9420469
2020-03-28 18:34:38.648 : Creating new block
2020-03-28 18:34:38.654 : Block added Index=7, previous hash=32c99b8f6437866f2091284d12640745ef7aee49513460ece2fea137b2bbc033
2020-03-28 18:34:38.659 : Mined new block Index=7, Proof=76361, previous Hash=32c99b8f6437866f2091284d12640745ef7aee49513460ece2fea137b2bbc033
2020-03-28 18:34:39.666 : Mining for new block for ID=
2020-03-28 18:34:39.709 : Resolving conflicts
2020-03-28 18:34:39.725 : Adding Transaction id=47f9e7f8-70d9-45ac-87bc-77b3bef8b5b0 
2020-03-28 18:34:39.738 : Invalid Input signature, Transaction id=47f9e7f8-70d9-45ac-87bc-77b3bef8b5b0
2020-03-28 18:34:39.747 : Creating new block
2020-03-28 18:34:39.759 : Block added Index=8, previous hash=5ac1defa966573e2aa607b3aa0d5292d7365045fbcab886311493a848dfc8f61
2020-03-28 18:34:39.767 : Mined new block Index=8, Proof=625, previous Hash=5ac1defa966573e2aa607b3aa0d5292d7365045fbcab886311493a848dfc8f61
2020-03-28 18:34:40.774 : Mining for new block for ID=
2020-03-28 18:34:40.880 : Resolving conflicts
2020-03-28 18:34:40.887 : Adding Transaction id=85e3d6d7-a724-453a-b32d-fb148f769616 
2020-03-28 18:34:40.894 : Invalid Input signature, Transaction id=85e3d6d7-a724-453a-b32d-fb148f769616
2020-03-28 18:34:40.899 : Creating new block
2020-03-28 18:34:40.906 : Block added Index=9, previous hash=4f27a6849c6c1007b80e7a3a4cd4a7bf0e57360b32bb7b63cc804b4d00933175
2020-03-28 18:34:40.911 : Mined new block Index=9, Proof=5591, previous Hash=4f27a6849c6c1007b80e7a3a4cd4a7bf0e57360b32bb7b63cc804b4d00933175
2020-03-28 18:34:41.917 : Mining for new block for ID=
2020-03-28 18:34:42.854 : Resolving conflicts
2020-03-28 18:34:42.861 : Adding Transaction id=96a27b83-7527-4d51-ab4c-063d3208fe63 
2020-03-28 18:34:42.871 : Invalid Input signature, Transaction id=96a27b83-7527-4d51-ab4c-063d3208fe63
2020-03-28 18:34:42.877 : Creating new block
2020-03-28 18:34:42.884 : Block added Index=10, previous hash=d7e5b6424137c9d84f5edc881b152ee7e7f326905feb612f79d2ae0105079aea
2020-03-28 18:34:42.890 : Mined new block Index=10, Proof=64426, previous Hash=d7e5b6424137c9d84f5edc881b152ee7e7f326905feb612f79d2ae0105079aea
2020-03-28 18:34:43.897 : Mining for new block for ID=
2020-03-28 18:34:44.744 : Resolving conflicts
2020-03-28 18:34:44.751 : Adding Transaction id=f9aa808c-4455-4a75-8255-42dee3e09f25 
2020-03-28 18:34:44.757 : Invalid Input signature, Transaction id=f9aa808c-4455-4a75-8255-42dee3e09f25
2020-03-28 18:34:44.763 : Creating new block
2020-03-28 18:34:44.769 : Block added Index=11, previous hash=d68bb2a30bc0f4188f53447ebfe3e35d4416574b1d9a2f259ad8641d11d66219
2020-03-28 18:34:44.778 : Mined new block Index=11, Proof=58984, previous Hash=d68bb2a30bc0f4188f53447ebfe3e35d4416574b1d9a2f259ad8641d11d66219
2020-03-28 18:34:45.792 : Mining for new block for ID=
2020-03-28 18:35:06.653 : Resolving conflicts
2020-03-28 18:35:06.662 : Adding Transaction id=8136b6f1-4da5-4e17-be8c-96a7d2ba658b 
