2020-03-29 18:37:50.937 : Creating new block
2020-03-29 18:37:50.944 : Block added Index=0, previous hash=1
2020-03-29 18:37:50.953 : BlockChain Initialized : NodeId=Node 1
2020-03-29 18:37:50.960 : Node Registered : http://localhost:12346
2020-03-29 18:37:50.972 : Web Service Listening on port: 12345
2020-03-29 18:37:51.000 : Rolling back, loading previous : C:\repos\40448091\eSecurity\assignment\blockchain\BlockChainServerNode\BlockChain.Console\bin\Debug\RLWE\checkpoints\20200329143322.chk
2020-03-29 18:37:51.230 : Rolling complete: C:\repos\40448091\eSecurity\assignment\blockchain\BlockChainServerNode\BlockChain.Console\bin\Debug\RLWE\checkpoints\20200329143322.chk
2020-03-29 18:38:10.333 : Request:/pending
2020-03-29 18:39:02.131 : Request:/balance
2020-03-29 18:39:34.037 : Request:/transfer
2020-03-29 18:39:34.047 : Adding Transaction id=346f5bf3-6dd5-4a90-ba42-682bf91af1ca 
2020-03-29 18:39:39.328 : Request:/balance
2020-03-29 18:40:15.353 : Request:/pending
2020-03-29 18:40:31.407 : Request:/pending
2020-03-29 18:43:01.693 : Request:/balance
2020-03-29 18:43:06.082 : Request:/pending
2020-03-29 18:44:08.495 : Request:/pending
2020-03-29 18:44:52.119 : Request:/balance
2020-03-29 18:45:08.549 : Request:/test/miner/start?193fdac90384c9c1371ec33636c2bf17f3dbf75b
2020-03-29 18:45:17.569 : Mining for new block for ID=193fdac90384c9c1371ec33636c2bf17f3dbf75b
2020-03-29 18:45:17.591 : Resolving conflicts
2020-03-29 18:45:17.604 : getting chain from : http://localhost:12346/
2020-03-29 18:45:21.697 : Deregistering unresponsive node: http://localhost:12346/
2020-03-29 18:45:23.860 : Adding Transaction id=001d726e-fa4c-469a-8636-90a6bf4735bb 
2020-03-29 18:45:23.867 : Creating new block
2020-03-29 18:45:23.875 : Block added Index=25, previous hash=ae9fabbf6e22f26b3b656f6399569f87ea6f545edf32fb86d53850ad3bb8a682
2020-03-29 18:45:23.885 : Mined new block Index=25, Proof=149265, previous Hash=ae9fabbf6e22f26b3b656f6399569f87ea6f545edf32fb86d53850ad3bb8a682
2020-03-29 18:45:26.334 : Request:/pending
2020-03-29 18:45:36.945 : Request:/balance
2020-03-29 18:45:48.914 : Mining for new block for ID=193fdac90384c9c1371ec33636c2bf17f3dbf75b
2020-03-29 18:45:48.927 : Resolving conflicts
2020-03-29 18:45:49.550 : Adding Transaction id=2e1e0021-506d-432e-b709-2ec0645ada4d 
2020-03-29 18:45:49.557 : Creating new block
2020-03-29 18:45:49.564 : Block added Index=26, previous hash=1dfbc898bbd84261aa65af252dbc7ede80e07204c13e64d100d8e439b513851d
2020-03-29 18:45:49.571 : Mined new block Index=26, Proof=38058, previous Hash=1dfbc898bbd84261aa65af252dbc7ede80e07204c13e64d100d8e439b513851d
2020-03-29 18:46:07.589 : Mining for new block for ID=193fdac90384c9c1371ec33636c2bf17f3dbf75b
2020-03-29 18:46:07.603 : Resolving conflicts
2020-03-29 18:46:11.071 : Adding Transaction id=7772e6ef-8253-443d-a8d6-588114d4d570 
2020-03-29 18:46:11.077 : Creating new block
2020-03-29 18:46:11.085 : Block added Index=27, previous hash=f6919d2239a9f0d556a6577b5c07902a30253cb167d174fc9f727c3ac929b143
2020-03-29 18:46:11.094 : Mined new block Index=27, Proof=241522, previous Hash=f6919d2239a9f0d556a6577b5c07902a30253cb167d174fc9f727c3ac929b143
2020-03-29 18:46:17.896 : Request:/transfer
2020-03-29 18:46:17.905 : Adding Transaction id=a036be99-bea3-4dbf-8624-976c58f8aca7 
2020-03-29 18:46:22.987 : Request:/pending
2020-03-29 18:46:26.109 : Mining for new block for ID=193fdac90384c9c1371ec33636c2bf17f3dbf75b
2020-03-29 18:46:26.123 : Resolving conflicts
2020-03-29 18:46:27.805 : Adding Transaction id=fffdc7a7-e608-4454-93ce-068c00634aaa 
2020-03-29 18:46:27.811 : Creating new block
2020-03-29 18:46:27.818 : Block added Index=28, previous hash=66ea413b53b8683a229f9b09298d47546c319d9107c4e71d556f11d11720f2c8
2020-03-29 18:46:27.824 : Mined new block Index=28, Proof=115254, previous Hash=66ea413b53b8683a229f9b09298d47546c319d9107c4e71d556f11d11720f2c8
2020-03-29 18:46:32.677 : Request:/pending
2020-03-29 18:46:35.773 : Request:/balance
2020-03-29 18:46:40.842 : Mining for new block for ID=193fdac90384c9c1371ec33636c2bf17f3dbf75b
2020-03-29 18:46:40.858 : Resolving conflicts
2020-03-29 18:46:43.004 : Adding Transaction id=0c0b1592-b738-490b-8d11-f2f2e0a1dd61 
2020-03-29 18:46:43.011 : Creating new block
2020-03-29 18:46:43.019 : Block added Index=29, previous hash=f2b53b2b33a588eec109235dfda26f9f05be30390121f9380012bb539a9690e4
2020-03-29 18:46:43.025 : Mined new block Index=29, Proof=149698, previous Hash=f2b53b2b33a588eec109235dfda26f9f05be30390121f9380012bb539a9690e4
2020-03-29 18:46:53.039 : Mining for new block for ID=193fdac90384c9c1371ec33636c2bf17f3dbf75b
2020-03-29 18:46:53.053 : Resolving conflicts
2020-03-29 18:46:53.836 : Adding Transaction id=ccd42523-71c5-4395-b574-44dc087e7372 
2020-03-29 18:46:53.843 : Creating new block
2020-03-29 18:46:53.850 : Block added Index=30, previous hash=505b6397d986da88b82e7aab065833f19e2bfed5844f651b7cccbc3a4bdbed7b
2020-03-29 18:46:53.857 : Mined new block Index=30, Proof=52302, previous Hash=505b6397d986da88b82e7aab065833f19e2bfed5844f651b7cccbc3a4bdbed7b
2020-03-29 18:47:06.873 : Mining for new block for ID=193fdac90384c9c1371ec33636c2bf17f3dbf75b
2020-03-29 18:47:06.887 : Resolving conflicts
2020-03-29 18:47:06.938 : Adding Transaction id=68931d22-70bc-4144-96b9-059dc01d4d8a 
2020-03-29 18:47:06.948 : Creating new block
2020-03-29 18:47:06.957 : Block added Index=31, previous hash=ed3d81957821f0dc8f2acabf8a6c32d884f7be73057d6f8351a05078663373ef
2020-03-29 18:47:06.967 : Mined new block Index=31, Proof=772, previous Hash=ed3d81957821f0dc8f2acabf8a6c32d884f7be73057d6f8351a05078663373ef
2020-03-29 18:47:12.387 : Request:/transfer
2020-03-29 18:47:12.396 : Adding Transaction id=8bd9b5b0-98be-4bee-85a9-230768bca98c 
2020-03-29 18:47:14.754 : Request:/pending
2020-03-29 18:47:18.409 : Request:/balance
2020-03-29 18:47:20.994 : Mining for new block for ID=193fdac90384c9c1371ec33636c2bf17f3dbf75b
2020-03-29 18:47:21.009 : Resolving conflicts
2020-03-29 18:47:21.245 : Adding Transaction id=f9f0ac4f-de67-45e9-bdfe-b8a5ff61b987 
2020-03-29 18:47:21.252 : Creating new block
2020-03-29 18:47:21.260 : Block added Index=32, previous hash=fbad430aafd5991479a18a847ddf76394da537c3b895de0c63ab86687802deae
2020-03-29 18:47:21.267 : Mined new block Index=32, Proof=12795, previous Hash=fbad430aafd5991479a18a847ddf76394da537c3b895de0c63ab86687802deae
2020-03-29 18:47:33.232 : Request:/pending
2020-03-29 18:47:37.290 : Mining for new block for ID=193fdac90384c9c1371ec33636c2bf17f3dbf75b
2020-03-29 18:47:37.304 : Resolving conflicts
2020-03-29 18:47:37.684 : Adding Transaction id=ae2c70ec-b9e2-4c61-9ce9-f7f0f6ef928e 
2020-03-29 18:47:37.691 : Creating new block
2020-03-29 18:47:37.699 : Block added Index=33, previous hash=d314ae74352d387ea2f1dfb1f9258b6a7dac46b684f0d54047cdddbab33f214b
2020-03-29 18:47:37.706 : Mined new block Index=33, Proof=23051, previous Hash=d314ae74352d387ea2f1dfb1f9258b6a7dac46b684f0d54047cdddbab33f214b
2020-03-29 18:47:41.186 : Request:/chain
2020-03-29 18:47:52.868 : Request:/test/miner/stop
2020-03-29 18:47:58.061 : Request:/balance
2020-03-29 18:48:37.726 : Request:/transfer
2020-03-29 18:48:37.739 : Adding Transaction id=6f7874bf-a39c-4ae9-af57-b4f14a2009e9 
2020-03-29 18:48:39.434 : Request:/pending
2020-03-29 18:49:10.671 : Request:/balance
2020-03-29 18:49:19.063 : Request:/pending
2020-03-29 18:50:31.762 : Request:/pending
2020-03-29 18:51:05.056 : Request:/pending
2020-03-29 18:51:07.790 : Request:/balance
2020-03-29 18:51:30.300 : Request:/test/miner/start?193fdac90384c9c1371ec33636c2bf17f3dbf75b
2020-03-29 18:51:34.080 : Request:/pending
2020-03-29 18:51:56.334 : Mining for new block for ID=193fdac90384c9c1371ec33636c2bf17f3dbf75b
2020-03-29 18:51:56.348 : Resolving conflicts
2020-03-29 18:51:58.292 : Adding Transaction id=bde067a3-170b-44de-a636-7cbbab88f607 
2020-03-29 18:51:58.298 : Creating new block
2020-03-29 18:51:58.305 : Block added Index=34, previous hash=78e98387c4a2935a287bf4f4783fca051199faba7867313e61d12d30a28b2232
2020-03-29 18:51:58.312 : Mined new block Index=34, Proof=130324, previous Hash=78e98387c4a2935a287bf4f4783fca051199faba7867313e61d12d30a28b2232
2020-03-29 18:52:00.303 : Request:/pending
2020-03-29 18:52:04.607 : Request:/balance
2020-03-29 18:52:14.329 : Mining for new block for ID=193fdac90384c9c1371ec33636c2bf17f3dbf75b
2020-03-29 18:52:14.337 : Resolving conflicts
2020-03-29 18:52:14.975 : Adding Transaction id=e35b5396-53cb-4ba5-bdf4-42ad89f3c0f9 
2020-03-29 18:52:14.982 : Creating new block
2020-03-29 18:52:14.990 : Block added Index=35, previous hash=028d257c926723b71b070d2d5a04acc4266675c48bd2e6117d4a498be088e3c2
2020-03-29 18:52:14.997 : Mined new block Index=35, Proof=39964, previous Hash=028d257c926723b71b070d2d5a04acc4266675c48bd2e6117d4a498be088e3c2
2020-03-29 18:52:26.011 : Mining for new block for ID=193fdac90384c9c1371ec33636c2bf17f3dbf75b
2020-03-29 18:52:26.017 : Resolving conflicts
2020-03-29 18:52:26.566 : Adding Transaction id=87c39a1e-ecd1-403f-af68-df87b8af6c71 
2020-03-29 18:52:26.573 : Creating new block
2020-03-29 18:52:26.580 : Block added Index=36, previous hash=26853c4bd4dcdb2345505fae39bc4347c6c53646f84c3e4d997f809be3c66d7a
2020-03-29 18:52:26.588 : Mined new block Index=36, Proof=36102, previous Hash=26853c4bd4dcdb2345505fae39bc4347c6c53646f84c3e4d997f809be3c66d7a
2020-03-29 18:52:38.605 : Mining for new block for ID=193fdac90384c9c1371ec33636c2bf17f3dbf75b
2020-03-29 18:52:38.620 : Resolving conflicts
2020-03-29 18:52:39.821 : Adding Transaction id=d000b619-8022-4457-a385-0c2e9143e828 
2020-03-29 18:52:39.831 : Creating new block
2020-03-29 18:52:39.838 : Block added Index=37, previous hash=dfe88e8c659edeadbf1b0380fcac35858a0da88a7e9b04ee294e7b58bbbf26cf
2020-03-29 18:52:39.845 : Mined new block Index=37, Proof=84302, previous Hash=dfe88e8c659edeadbf1b0380fcac35858a0da88a7e9b04ee294e7b58bbbf26cf
2020-03-29 18:52:45.276 : Request:/test/miner/stop
2020-03-29 18:53:14.350 : Saving checkpoint
2020-03-29 18:53:14.376 : Checkpoint saved : 20200329185314.chk
