2020-03-30 22:40:15.763 : Creating new block
2020-03-30 22:40:15.774 : Block added Index=0, previous hash=1
2020-03-30 22:40:15.785 : BlockChain Initialized : NodeId=Node 1
2020-03-30 22:40:15.792 : Node Registered : http://localhost:12346
2020-03-30 22:40:15.809 : Web Service Listening on port: 12345
2020-03-30 22:40:15.863 : Rolling back, loading previous : C:\repos\40448091\eSecurity\assignment\blockchain\BlockChainServerNode\BlockChain.Console\bin\Debug\RLWE\checkpoints\20200329193619.chk
2020-03-30 22:40:16.112 : Rolling complete: C:\repos\40448091\eSecurity\assignment\blockchain\BlockChainServerNode\BlockChain.Console\bin\Debug\RLWE\checkpoints\20200329193619.chk
2020-03-30 22:40:26.510 : Request:/balance
2020-03-30 22:40:41.538 : Request:/mine?193fdac90384c9c1371ec33636c2bf17f3dbf75b
2020-03-30 22:40:41.546 : Mining for new block for ID=193fdac90384c9c1371ec33636c2bf17f3dbf75b
2020-03-30 22:40:41.555 : Resolving conflicts
2020-03-30 22:40:41.562 : getting chain from : http://localhost:12346/
2020-03-30 22:40:45.664 : Deregistering unresponsive node: http://localhost:12346/
2020-03-30 22:40:45.954 : Adding Transaction id=9dea5f22-191d-46bf-84fe-a2b66fcbd94e 
2020-03-30 22:40:45.963 : Creating new block
2020-03-30 22:40:45.970 : Block added Index=47, previous hash=4dc0b5b88128b58ea57e352983d3a9ff429de758ccb6c35c91f678e9fab9912b
2020-03-30 22:40:45.976 : Mined new block Index=47, Proof=10175, previous Hash=4dc0b5b88128b58ea57e352983d3a9ff429de758ccb6c35c91f678e9fab9912b
2020-03-30 22:41:05.686 : Request:/test/rollback
2020-03-30 22:41:05.694 : Rolling back, loading previous : C:\repos\40448091\eSecurity\assignment\blockchain\BlockChainServerNode\BlockChain.Console\bin\Debug\RLWE\checkpoints\20200329193619.chk
2020-03-30 22:41:05.716 : Rolling complete: C:\repos\40448091\eSecurity\assignment\blockchain\BlockChainServerNode\BlockChain.Console\bin\Debug\RLWE\checkpoints\20200329193619.chk
2020-03-30 22:42:01.097 : Request:/mine?193fdac90384c9c1371ec33636c2bf17f3dbf75b
2020-03-30 22:42:01.105 : Mining for new block for ID=193fdac90384c9c1371ec33636c2bf17f3dbf75b
2020-03-30 22:42:01.113 : Resolving conflicts
2020-03-30 22:42:01.321 : Adding Transaction id=1793cd44-e54f-45d2-90c1-e6a0d58eb2f6 
2020-03-30 22:42:01.331 : Creating new block
2020-03-30 22:42:01.337 : Block added Index=47, previous hash=4dc0b5b88128b58ea57e352983d3a9ff429de758ccb6c35c91f678e9fab9912b
2020-03-30 22:42:01.346 : Mined new block Index=47, Proof=10175, previous Hash=4dc0b5b88128b58ea57e352983d3a9ff429de758ccb6c35c91f678e9fab9912b
2020-03-30 22:42:17.434 : Request:/test/rollback
2020-03-30 22:42:17.442 : Rolling back, loading previous : C:\repos\40448091\eSecurity\assignment\blockchain\BlockChainServerNode\BlockChain.Console\bin\Debug\RLWE\checkpoints\20200329193619.chk
2020-03-30 22:42:17.460 : Rolling complete: C:\repos\40448091\eSecurity\assignment\blockchain\BlockChainServerNode\BlockChain.Console\bin\Debug\RLWE\checkpoints\20200329193619.chk
2020-03-30 22:42:58.089 : Request:/test/start?001
2020-03-30 22:42:58.119 : Test 001 Start ----------------------------------------
2020-03-30 22:43:02.293 : Request:/mine?193fdac90384c9c1371ec33636c2bf17f3dbf75b
2020-03-30 22:43:02.301 : Mining for new block for ID=193fdac90384c9c1371ec33636c2bf17f3dbf75b
2020-03-30 22:43:02.311 : Resolving conflicts
2020-03-30 22:43:02.535 : Adding Transaction id=b34ca9a6-536d-4142-b0d8-6c951778ca05 
2020-03-30 22:43:02.544 : Creating new block
2020-03-30 22:43:02.550 : Block added Index=47, previous hash=4dc0b5b88128b58ea57e352983d3a9ff429de758ccb6c35c91f678e9fab9912b
2020-03-30 22:43:02.560 : Mined new block Index=47, Proof=10175, previous Hash=4dc0b5b88128b58ea57e352983d3a9ff429de758ccb6c35c91f678e9fab9912b
2020-03-30 22:43:02.804 : Request:/transfer
2020-03-30 22:43:02.811 : Adding Transaction id=aa93fef6-9567-495c-8b5a-736bb27651e1 
2020-03-30 22:43:02.828 : Request:/transfer
2020-03-30 22:43:02.835 : Adding Transaction id=60704cf6-c9e6-44a8-a7b5-9e22c7038926 
2020-03-30 22:43:02.846 : Request:/transfer
2020-03-30 22:43:02.853 : Adding Transaction id=b8b93db7-68d2-40e4-8e51-c5e3c9b4a74d 
2020-03-30 22:43:02.863 : Request:/transfer
2020-03-30 22:43:02.870 : Adding Transaction id=3caf866e-b91a-409f-8565-b65c6b70e2d9 
2020-03-30 22:43:02.882 : Request:/transfer
2020-03-30 22:43:02.889 : Adding Transaction id=930be22f-a4ef-49fd-b53b-b154fe274106 
2020-03-30 22:43:02.897 : Request:/mine?193fdac90384c9c1371ec33636c2bf17f3dbf75b
2020-03-30 22:43:02.904 : Mining for new block for ID=193fdac90384c9c1371ec33636c2bf17f3dbf75b
2020-03-30 22:43:02.910 : Resolving conflicts
2020-03-30 22:43:02.953 : Adding Transaction id=5b0f1521-0c64-4876-9509-f4ac23da0852 
2020-03-30 22:43:02.960 : Creating new block
2020-03-30 22:43:02.967 : Block added Index=48, previous hash=bec0cb87949b40590bd3e68ee697fd87b074c3f44851dc1a4add3d6ecc495632
2020-03-30 22:43:02.976 : Mined new block Index=48, Proof=2322, previous Hash=bec0cb87949b40590bd3e68ee697fd87b074c3f44851dc1a4add3d6ecc495632
2020-03-30 22:43:02.987 : Request:/test/rollback
2020-03-30 22:43:02.994 : Rolling back, loading previous : C:\repos\40448091\eSecurity\assignment\blockchain\BlockChainServerNode\BlockChain.Console\bin\Debug\RLWE\checkpoints\20200329193619.chk
2020-03-30 22:43:03.005 : Rolling complete: C:\repos\40448091\eSecurity\assignment\blockchain\BlockChainServerNode\BlockChain.Console\bin\Debug\RLWE\checkpoints\20200329193619.chk
2020-03-30 22:43:03.012 : Request:/test/end?001
2020-03-30 22:43:03.018 : Test 001 End ------------------------------------------
2020-03-30 22:47:25.525 : Saving checkpoint
2020-03-30 22:47:25.552 : Checkpoint saved : 20200330224725.chk
