2020-03-28 19:57:15.739 : Creating new block
2020-03-28 19:57:15.746 : Block added Index=0, previous hash=1
2020-03-28 19:57:15.754 : BlockChain Initialized : NodeId=d108c7b697dd4519b3ab1d9df0e2fa85
2020-03-28 19:57:15.763 : Node Registered : http://localhost:12346
2020-03-28 19:57:15.776 : Web Service Listening on port: 12345
2020-03-28 19:57:15.806 : Rolling back, loading previous : C:\repos\40448091\eSecurity\assignment\blockchain\BlockChainServerNode\BlockChain.Console\bin\Debug\RLWE\checkpoints\20200328191511.chk
2020-03-28 19:57:16.134 : Rolling complete: C:\repos\40448091\eSecurity\assignment\blockchain\BlockChainServerNode\BlockChain.Console\bin\Debug\RLWE\checkpoints\20200328191511.chk
2020-03-28 19:57:36.667 : Request:/balance
2020-03-28 19:58:25.473 : Mining for new block for ID=193fdac90384c9c1371ec33636c2bf17f3dbf75b
2020-03-28 19:58:25.810 : Resolving conflicts
2020-03-28 19:58:25.816 : getting chain from : http://localhost:12346/
2020-03-28 19:58:26.462 : Request:/balance
2020-03-28 19:58:29.893 : Deregistering unresponsive node: http://localhost:12346/
2020-03-28 19:58:29.910 : Adding Transaction id=e8d5d437-0076-4cf5-8209-3699d477434a 
2020-03-28 19:58:29.923 : Invalid Input signature, Transaction id=e8d5d437-0076-4cf5-8209-3699d477434a
2020-03-28 19:58:29.929 : Creating new block
2020-03-28 19:58:29.938 : Block added Index=6, previous hash=bd8efe82ae0f22a1dcd86e90c4963ea0459b1d5f584f1a7cff8338a1edc852dc
2020-03-28 19:58:29.944 : Mined new block Index=6, Proof=12910, previous Hash=bd8efe82ae0f22a1dcd86e90c4963ea0459b1d5f584f1a7cff8338a1edc852dc
2020-03-28 19:58:44.091 : Request:/balance
2020-03-28 19:58:44.970 : Mining for new block for ID=193fdac90384c9c1371ec33636c2bf17f3dbf75b
2020-03-28 19:58:46.200 : Resolving conflicts
2020-03-28 19:58:46.207 : Adding Transaction id=80f1296d-9663-43c4-ac44-a12ed7794ad0 
2020-03-28 19:58:46.215 : Invalid Input signature, Transaction id=80f1296d-9663-43c4-ac44-a12ed7794ad0
2020-03-28 19:58:46.222 : Creating new block
2020-03-28 19:58:46.228 : Block added Index=7, previous hash=604c95fd6d9536ef9ed66f0e3ad53795e0dd977cd391d6fe74b24ef0132fdb01
2020-03-28 19:58:46.236 : Mined new block Index=7, Proof=76361, previous Hash=604c95fd6d9536ef9ed66f0e3ad53795e0dd977cd391d6fe74b24ef0132fdb01
2020-03-28 19:59:01.252 : Mining for new block for ID=193fdac90384c9c1371ec33636c2bf17f3dbf75b
2020-03-28 19:59:01.999 : Resolving conflicts
2020-03-28 19:59:02.006 : Adding Transaction id=9c2b66cd-c2e4-4d82-8df4-825b3ef35144 
2020-03-28 19:59:02.013 : Invalid Input signature, Transaction id=9c2b66cd-c2e4-4d82-8df4-825b3ef35144
2020-03-28 19:59:02.018 : Creating new block
2020-03-28 19:59:02.024 : Block added Index=8, previous hash=c18e40c81fac2b14cdb68a0ceab44aff202b2809fc81d33686c3874da4be6797
2020-03-28 19:59:02.030 : Mined new block Index=8, Proof=46514, previous Hash=c18e40c81fac2b14cdb68a0ceab44aff202b2809fc81d33686c3874da4be6797
