2020-03-22 21:45:39.575 : Creating new block
2020-03-22 21:45:39.582 : Block added Index=0, previous hash=1
2020-03-22 21:45:39.590 : BlockChain Initialized : NodeId=2413780d08fc4e41abce1e482ba94ccd
2020-03-22 21:45:39.596 : Node Registered : http://localhost:12346
2020-03-22 21:45:39.615 : Web Service Listening on port: 12345
2020-03-22 21:45:39.659 : Rolling back, loading previous : C:\repos\40448091\eSecurity\assignment\blockchain\BlockChainServerNode\BlockChain.Console\bin\Debug\RLWE\checkpoints\20200322210817.chk
2020-03-22 21:45:39.967 : Rolling complete: C:\repos\40448091\eSecurity\assignment\blockchain\BlockChainServerNode\BlockChain.Console\bin\Debug\RLWE\checkpoints\20200322210817.chk
2020-03-22 21:45:55.552 : Request:/test/start?001
2020-03-22 21:45:55.563 : Test 001 Start ----------------------------------------
2020-03-22 21:45:55.610 : Request:/mine?193fdac90384c9c1371ec33636c2bf17f3dbf75b
2020-03-22 21:45:55.619 : Mining for new block for ID=193fdac90384c9c1371ec33636c2bf17f3dbf75b
2020-03-22 21:45:56.078 : Resolving conflicts
2020-03-22 21:45:56.083 : getting chain from : http://localhost:12346/
2020-03-22 21:46:00.182 : Deregistering unresponsive node: http://localhost:12346/
2020-03-22 21:46:00.240 : Adding Transaction id=e6e330cb-b4ac-45f3-8c3e-0dbd14492884 
2020-03-22 21:46:00.253 : Invalid Input signature, Transaction id=e6e330cb-b4ac-45f3-8c3e-0dbd14492884
2020-03-22 21:46:00.260 : Creating new block
2020-03-22 21:46:00.268 : Block added Index=3, previous hash=7d2a3e726c1624d4be917fc7b892a38b2897a14467f3b545fc57ade727d112a7
2020-03-22 21:46:00.276 : Mined new block Index=3, Proof=23290, previous Hash=7d2a3e726c1624d4be917fc7b892a38b2897a14467f3b545fc57ade727d112a7
2020-03-22 21:46:00.640 : Request:/transactions/new
2020-03-22 21:46:00.646 : Adding Transaction id=d88e9e1b-17d1-4469-8abe-354bedec4f57 
2020-03-22 21:46:00.654 : Invalid Input signature, Transaction id=d88e9e1b-17d1-4469-8abe-354bedec4f57
2020-03-22 21:46:00.666 : Request:/transactions/new
2020-03-22 21:46:00.672 : Adding Transaction id=d88e9e1b-17d1-4469-8abe-354bedec4f57 
2020-03-22 21:46:00.679 : Invalid Input signature, Transaction id=d88e9e1b-17d1-4469-8abe-354bedec4f57
2020-03-22 21:46:00.687 : Request:/transactions/new
2020-03-22 21:46:00.693 : Adding Transaction id=d88e9e1b-17d1-4469-8abe-354bedec4f57 
2020-03-22 21:46:00.700 : Invalid Input signature, Transaction id=d88e9e1b-17d1-4469-8abe-354bedec4f57
2020-03-22 21:46:00.708 : Request:/transactions/new
2020-03-22 21:46:00.715 : Adding Transaction id=d88e9e1b-17d1-4469-8abe-354bedec4f57 
2020-03-22 21:46:00.721 : Invalid Input signature, Transaction id=d88e9e1b-17d1-4469-8abe-354bedec4f57
2020-03-22 21:46:00.730 : Request:/transactions/new
2020-03-22 21:46:00.736 : Adding Transaction id=d88e9e1b-17d1-4469-8abe-354bedec4f57 
2020-03-22 21:46:00.743 : Invalid Input signature, Transaction id=d88e9e1b-17d1-4469-8abe-354bedec4f57
2020-03-22 21:46:00.749 : Request:/mine?193fdac90384c9c1371ec33636c2bf17f3dbf75b
2020-03-22 21:46:00.756 : Mining for new block for ID=193fdac90384c9c1371ec33636c2bf17f3dbf75b
2020-03-22 21:46:01.239 : Resolving conflicts
2020-03-22 21:46:01.246 : Adding Transaction id=8088b466-78cd-46a6-90f9-ea8c30681da7 
2020-03-22 21:46:01.253 : Invalid Input signature, Transaction id=8088b466-78cd-46a6-90f9-ea8c30681da7
2020-03-22 21:46:01.258 : Creating new block
2020-03-22 21:46:01.264 : Block added Index=4, previous hash=00f5d967ce1d7831a13b2b64b8a9d1543f37596a2f936bab191ba183d0f59f53
2020-03-22 21:46:01.269 : Mined new block Index=4, Proof=33383, previous Hash=00f5d967ce1d7831a13b2b64b8a9d1543f37596a2f936bab191ba183d0f59f53
2020-03-22 21:46:01.282 : Request:/test/end?001
2020-03-22 21:46:01.288 : Test 001 End ------------------------------------------
2020-03-22 21:46:10.238 : Request:/balance
2020-03-22 21:46:28.547 : Saving checkpoint
2020-03-22 21:46:28.579 : Checkpoint saved : 20200322214628.chk
