2020-03-29 19:20:01.249 : Creating new block
2020-03-29 19:20:01.255 : Block added Index=0, previous hash=1
2020-03-29 19:20:01.263 : BlockChain Initialized : NodeId=Node 1
2020-03-29 19:20:01.271 : Node Registered : http://localhost:12346
2020-03-29 19:20:01.282 : Web Service Listening on port: 12345
2020-03-29 19:20:01.327 : Rolling back, loading previous : C:\repos\40448091\eSecurity\assignment\blockchain\BlockChainServerNode\BlockChain.Console\bin\Debug\RLWE\checkpoints\20200329185314.chk
2020-03-29 19:20:01.569 : Rolling complete: C:\repos\40448091\eSecurity\assignment\blockchain\BlockChainServerNode\BlockChain.Console\bin\Debug\RLWE\checkpoints\20200329185314.chk
2020-03-29 19:20:56.345 : Request:/balance
2020-03-29 19:21:39.678 : Request:/pending
2020-03-29 19:21:44.880 : Request:/balance
2020-03-29 19:21:51.506 : Mining for new block for ID=start
2020-03-29 19:21:51.527 : Resolving conflicts
2020-03-29 19:21:51.544 : getting chain from : http://localhost:12346/
2020-03-29 19:21:55.656 : Deregistering unresponsive node: http://localhost:12346/
2020-03-29 19:21:55.978 : Adding Transaction id=d8673f2c-47a9-4773-969d-a1ca1ce47e8c 
2020-03-29 19:21:55.985 : Creating new block
2020-03-29 19:21:55.992 : Block added Index=38, previous hash=629a48d3311cdf14b81368852f528e46e4e72292ebaf29f050225c944c238028
2020-03-29 19:21:56.000 : Mined new block Index=38, Proof=11717, previous Hash=629a48d3311cdf14b81368852f528e46e4e72292ebaf29f050225c944c238028
2020-03-29 19:22:12.125 : Request:/balance
2020-03-29 19:22:22.031 : Mining for new block for ID=start
2020-03-29 19:22:22.043 : Resolving conflicts
2020-03-29 19:22:22.670 : Adding Transaction id=7996ca16-5b02-4d68-9cb5-43616d77cd8c 
2020-03-29 19:22:22.676 : Creating new block
2020-03-29 19:22:22.682 : Block added Index=39, previous hash=284a1beaa361998cf55a66b2620e8f1547f3a59c04139628101e419f5c1e6fe8
2020-03-29 19:22:22.687 : Mined new block Index=39, Proof=39666, previous Hash=284a1beaa361998cf55a66b2620e8f1547f3a59c04139628101e419f5c1e6fe8
2020-03-29 19:22:33.661 : Request:/balance
2020-03-29 19:22:51.023 : Mining for new block for ID=start
2020-03-29 19:22:51.030 : Resolving conflicts
2020-03-29 19:22:51.400 : Adding Transaction id=717b818a-84a6-49d2-ba67-1af832b944c8 
2020-03-29 19:22:51.406 : Creating new block
2020-03-29 19:22:51.413 : Block added Index=40, previous hash=cffaa52baffaedbe6b8847bbad674928d496b00fdd2691095ca04aa2a065e295
2020-03-29 19:22:51.419 : Mined new block Index=40, Proof=20198, previous Hash=cffaa52baffaedbe6b8847bbad674928d496b00fdd2691095ca04aa2a065e295
2020-03-29 19:22:56.347 : Creating new block
2020-03-29 19:22:56.355 : Block added Index=0, previous hash=1
2020-03-29 19:22:56.366 : BlockChain Initialized : NodeId=Node 1
2020-03-29 19:22:56.375 : Node Registered : http://localhost:12346
2020-03-29 19:23:04.198 : Request:/balance
