2020-03-28 18:35:32.461 : Creating new block
2020-03-28 18:35:32.469 : Block added Index=0, previous hash=1
2020-03-28 18:35:32.477 : BlockChain Initialized : NodeId=4e8326ee741244c889803738c9b8f938
2020-03-28 18:35:32.484 : Node Registered : http://localhost:12346
2020-03-28 18:35:32.495 : Web Service Listening on port: 12345
2020-03-28 18:35:32.522 : Rolling back, loading previous : C:\repos\40448091\eSecurity\assignment\blockchain\BlockChainServerNode\BlockChain.Console\bin\Debug\RLWE\checkpoints\20200323173111.chk
2020-03-28 18:35:32.771 : Rolling complete: C:\repos\40448091\eSecurity\assignment\blockchain\BlockChainServerNode\BlockChain.Console\bin\Debug\RLWE\checkpoints\20200323173111.chk
2020-03-28 18:35:57.811 : Mining for new block for ID=
2020-03-28 18:35:58.151 : Resolving conflicts
2020-03-28 18:35:58.156 : getting chain from : http://localhost:12346/
2020-03-28 18:36:04.786 : Deregistering unresponsive node: http://localhost:12346/
2020-03-28 18:36:04.855 : Adding Transaction id=34fdf0e4-14ed-4014-a0d4-b9168972cb71 
2020-03-28 18:36:04.872 : Invalid Input signature, Transaction id=34fdf0e4-14ed-4014-a0d4-b9168972cb71
2020-03-28 18:36:04.881 : Creating new block
2020-03-28 18:36:04.892 : Block added Index=6, previous hash=bd8efe82ae0f22a1dcd86e90c4963ea0459b1d5f584f1a7cff8338a1edc852dc
2020-03-28 18:36:04.901 : Mined new block Index=6, Proof=12910, previous Hash=bd8efe82ae0f22a1dcd86e90c4963ea0459b1d5f584f1a7cff8338a1edc852dc
2020-03-28 18:36:05.915 : Mining for new block for ID=
2020-03-28 18:36:07.020 : Resolving conflicts
2020-03-28 18:36:07.028 : Adding Transaction id=589cdc7c-681a-4e86-8ca7-17e04034c955 
2020-03-28 18:36:07.034 : Invalid Input signature, Transaction id=589cdc7c-681a-4e86-8ca7-17e04034c955
2020-03-28 18:36:07.040 : Creating new block
2020-03-28 18:36:07.046 : Block added Index=7, previous hash=42f2881bd3596ce2f27280e0453d3d508b03478319c19566f0385e075a423db6
2020-03-28 18:36:07.052 : Mined new block Index=7, Proof=76361, previous Hash=42f2881bd3596ce2f27280e0453d3d508b03478319c19566f0385e075a423db6
2020-03-28 18:36:08.059 : Mining for new block for ID=
2020-03-28 18:36:08.439 : Resolving conflicts
2020-03-28 18:36:08.450 : Adding Transaction id=0d900afb-821e-42ad-920c-4037e96e43fe 
2020-03-28 18:36:08.457 : Invalid Input signature, Transaction id=0d900afb-821e-42ad-920c-4037e96e43fe
2020-03-28 18:36:08.463 : Creating new block
2020-03-28 18:36:08.469 : Block added Index=8, previous hash=98cb4668b68761f00190ef8846f0e3a3c2bb50543c00d9119f2b43832e4acda5
2020-03-28 18:36:08.475 : Mined new block Index=8, Proof=28325, previous Hash=98cb4668b68761f00190ef8846f0e3a3c2bb50543c00d9119f2b43832e4acda5
