2020-03-30 22:32:16.658 : Creating new block
2020-03-30 22:32:16.666 : Block added Index=0, previous hash=1
2020-03-30 22:32:16.677 : BlockChain Initialized : NodeId=Node 1
2020-03-30 22:32:16.683 : Node Registered : http://localhost:12346
2020-03-30 22:32:16.702 : Web Service Listening on port: 12345
2020-03-30 22:32:16.732 : Rolling back, loading previous : C:\repos\40448091\eSecurity\assignment\blockchain\BlockChainServerNode\BlockChain.Console\bin\Debug\RLWE\checkpoints\20200329193619.chk
2020-03-30 22:32:16.985 : Rolling complete: C:\repos\40448091\eSecurity\assignment\blockchain\BlockChainServerNode\BlockChain.Console\bin\Debug\RLWE\checkpoints\20200329193619.chk
2020-03-30 22:32:36.786 : Request:/test/start?001
2020-03-30 22:32:36.793 : Test 001 Start ----------------------------------------
2020-03-30 22:32:36.804 : Request:/test/miner/start?193fdac90384c9c1371ec33636c2bf17f3dbf75b
2020-03-30 22:32:50.300 : Request:/transfer
2020-03-30 22:32:51.793 : Adding Transaction id=a3f21536-bd56-4563-99e8-5923dd7796f8 
2020-03-30 22:32:55.109 : Request:/transfer
2020-03-30 22:32:55.115 : Adding Transaction id=d197dab5-1aae-4622-838b-0769585f6521 
2020-03-30 22:32:55.135 : Request:/transfer
2020-03-30 22:32:55.148 : Adding Transaction id=634b0898-c28a-4774-86f4-55c5b7a1e3bd 
2020-03-30 22:32:55.164 : Request:/transfer
2020-03-30 22:32:55.176 : Adding Transaction id=1c14f108-3810-457f-9624-7a81d74e90a9 
2020-03-30 22:32:55.190 : Request:/transfer
2020-03-30 22:32:55.203 : Adding Transaction id=d0963da3-f3cb-4e8c-b272-87b183e13663 
2020-03-30 22:32:55.216 : Request:/test/miner/stop
