2020-03-29 11:48:53.772 : Creating new block
2020-03-29 11:48:53.781 : Block added Index=0, previous hash=1
2020-03-29 11:48:53.792 : BlockChain Initialized : NodeId=Node 1
2020-03-29 11:48:53.798 : Node Registered : http://localhost:12346
2020-03-29 11:48:53.814 : Web Service Listening on port: 12345
2020-03-29 11:48:53.846 : Rolling back, loading previous : C:\repos\40448091\eSecurity\assignment\blockchain\BlockChainServerNode\BlockChain.Console\bin\Debug\RLWE\checkpoints\20200329111809.chk
2020-03-29 11:48:54.147 : Rolling complete: C:\repos\40448091\eSecurity\assignment\blockchain\BlockChainServerNode\BlockChain.Console\bin\Debug\RLWE\checkpoints\20200329111809.chk
2020-03-29 11:50:49.416 : Resolving conflicts
2020-03-29 11:50:49.423 : getting chain from : http://localhost:12346/
2020-03-29 11:51:09.082 : Request:/chain
2020-03-29 11:51:33.337 : Request:/balance
2020-03-29 11:51:41.973 : Request:/mine?193fdac90384c9c1371ec33636c2bf17f3dbf75b
2020-03-29 11:51:41.982 : Mining for new block for ID=193fdac90384c9c1371ec33636c2bf17f3dbf75b
2020-03-29 11:51:42.303 : Resolving conflicts
2020-03-29 11:51:42.311 : getting chain from : http://localhost:12346/
2020-03-29 11:51:51.722 : Adding Transaction id=056c2635-556c-4477-aed6-92947f3f241c 
2020-03-29 11:51:51.732 : Creating new block
2020-03-29 11:51:51.745 : Block added Index=6, previous hash=bd8efe82ae0f22a1dcd86e90c4963ea0459b1d5f584f1a7cff8338a1edc852dc
2020-03-29 11:51:51.755 : Mined new block Index=6, Proof=12910, previous Hash=bd8efe82ae0f22a1dcd86e90c4963ea0459b1d5f584f1a7cff8338a1edc852dc
2020-03-29 11:52:17.144 : Resolving conflicts
2020-03-29 11:52:17.155 : getting chain from : http://localhost:12346/
2020-03-29 11:52:43.589 : Request:/chain
2020-03-29 11:53:32.579 : Request:/chain
2020-03-29 11:54:33.059 : Request:/balance
2020-03-29 11:56:07.590 : Mining for new block for ID=193fdac90384c9c1371ec33636c2bf17f3dbf75b
2020-03-29 11:56:08.744 : Resolving conflicts
2020-03-29 11:56:08.751 : getting chain from : http://localhost:12346/
2020-03-29 11:56:16.628 : Adding Transaction id=0b766e9c-93b6-4932-bbae-6b2be3663b6e 
2020-03-29 11:56:16.637 : Creating new block
2020-03-29 11:56:16.648 : Block added Index=7, previous hash=36e86789d47503ad275939156872a1e8b88533170d849da6ea55103aef3b11ec
2020-03-29 11:56:16.661 : Mined new block Index=7, Proof=76361, previous Hash=36e86789d47503ad275939156872a1e8b88533170d849da6ea55103aef3b11ec
2020-03-29 11:57:02.662 : Request:/chain
2020-03-29 11:57:11.663 : Request:/chain
2020-03-29 11:57:31.430 : Mining for new block for ID=193fdac90384c9c1371ec33636c2bf17f3dbf75b
2020-03-29 11:57:31.654 : Resolving conflicts
2020-03-29 11:57:31.661 : getting chain from : http://localhost:12346/
2020-03-29 11:57:39.996 : Adding Transaction id=5449a1a0-a281-47e9-b73a-a6ef956ff036 
2020-03-29 11:57:40.005 : Creating new block
2020-03-29 11:57:40.017 : Block added Index=9, previous hash=ed67b5ca90ba95623afee46c1a935324e61f55417a765ce1ee87b2252e9fd962
2020-03-29 11:57:40.027 : Mined new block Index=9, Proof=11600, previous Hash=ed67b5ca90ba95623afee46c1a935324e61f55417a765ce1ee87b2252e9fd962
2020-03-29 11:58:18.909 : Request:/chain
