16/03/2020 22:49:14 : Creating new block
16/03/2020 22:49:14 : Block added Index=0, previous hash=1
16/03/2020 22:49:14 : BlockChain Initialized : NodeId=840bd5cc778c4569a7550e5b58cee611
16/03/2020 22:49:14 : Node Registered : http://localhost:12346
16/03/2020 22:49:14 : Web Service Listening on port: 12345
16/03/2020 22:50:15 : Request:/mine?193fdac90384c9c1371ec33636c2bf17f3dbf75b
16/03/2020 22:50:15 : Mining for new block for ID=193fdac90384c9c1371ec33636c2bf17f3dbf75b
16/03/2020 22:50:15 : Resolving conflicts
16/03/2020 22:50:15 : getting chain from : http://localhost:12346/
16/03/2020 22:50:16 : Adding Transaction id=7d88052f-fc7b-4b6c-9c5d-67fb208d75f8 
16/03/2020 22:50:16 : Signature is valid, Transaction added id=7d88052f-fc7b-4b6c-9c5d-67fb208d75f8
16/03/2020 22:50:16 : Creating new block
16/03/2020 22:50:16 : Block added Index=1, previous hash=06d46d395a29eb7c06d30c685472d3de6eb3c220bc7956ee080de7f843afa6c1
16/03/2020 22:50:16 : Mined new block Index=1, Proof=14342, previous Hash=06d46d395a29eb7c06d30c685472d3de6eb3c220bc7956ee080de7f843afa6c1
16/03/2020 22:50:39 : Request:/balance
16/03/2020 22:52:44 : Request:/transactions/new
16/03/2020 22:52:44 : Adding Transaction id=c87723a8-ad44-4361-90dd-5e2040683aab 
16/03/2020 22:52:44 : Signature is valid, Transaction added id=c87723a8-ad44-4361-90dd-5e2040683aab
16/03/2020 22:53:36 : Request:/balance
16/03/2020 22:53:50 : Request:/mine?193fdac90384c9c1371ec33636c2bf17f3dbf75b
16/03/2020 22:53:50 : Mining for new block for ID=193fdac90384c9c1371ec33636c2bf17f3dbf75b
16/03/2020 22:53:55 : Resolving conflicts
16/03/2020 22:53:55 : getting chain from : http://localhost:12346/
16/03/2020 22:53:55 : Adding Transaction id=ce5d5916-64e2-4707-9afb-4f83ba922caa 
16/03/2020 22:53:55 : Signature is valid, Transaction added id=ce5d5916-64e2-4707-9afb-4f83ba922caa
16/03/2020 22:53:55 : Creating new block
16/03/2020 22:53:55 : Block added Index=2, previous hash=ad437420dc67b2211f11ffdfd68aaeb06e51e5fb4727b53b173136ac053a9d4f
16/03/2020 22:53:55 : Mined new block Index=2, Proof=364337, previous Hash=ad437420dc67b2211f11ffdfd68aaeb06e51e5fb4727b53b173136ac053a9d4f
16/03/2020 22:55:05 : Request:/balance
16/03/2020 22:55:26 : Saving checkpoint
16/03/2020 22:55:26 : Checkpoint saved : 20200316225526.chk
16/03/2020 22:57:39 : Request:/chain
16/03/2020 22:59:26 : Saving checkpoint
16/03/2020 22:59:26 : Checkpoint saved : 20200316225926.chk
16/03/2020 22:59:38 : Saving checkpoint
16/03/2020 22:59:38 : Checkpoint saved : 20200316225938.chk
