2020-03-30 22:29:42.196 : Creating new block
2020-03-30 22:29:42.208 : Block added Index=0, previous hash=1
2020-03-30 22:29:42.225 : BlockChain Initialized : NodeId=Node 1
2020-03-30 22:29:42.234 : Node Registered : http://localhost:12346
2020-03-30 22:29:42.250 : Web Service Listening on port: 12345
2020-03-30 22:29:42.289 : Rolling back, loading previous : C:\repos\40448091\eSecurity\assignment\blockchain\BlockChainServerNode\BlockChain.Console\bin\Debug\RLWE\checkpoints\20200329193619.chk
2020-03-30 22:29:42.575 : Rolling complete: C:\repos\40448091\eSecurity\assignment\blockchain\BlockChainServerNode\BlockChain.Console\bin\Debug\RLWE\checkpoints\20200329193619.chk
2020-03-30 22:30:16.309 : Request:/test/start?001
2020-03-30 22:30:16.317 : Test 001 Start ----------------------------------------
2020-03-30 22:30:19.017 : Request:/test/miner/start?193fdac90384c9c1371ec33636c2bf17f3dbf75b
2020-03-30 22:30:19.326 : Request:/transfer
2020-03-30 22:30:19.333 : Adding Transaction id=75228565-4c2d-46b8-ad76-4b1d9e790268 
2020-03-30 22:30:19.391 : Request:/transfer
2020-03-30 22:30:19.397 : Adding Transaction id=99d43bde-b75e-48a8-85b9-20d06545dd81 
2020-03-30 22:30:19.407 : Request:/transfer
2020-03-30 22:30:19.413 : Adding Transaction id=2fc5004d-9aa7-4cb4-8698-c655cacfda27 
2020-03-30 22:30:19.424 : Request:/transfer
2020-03-30 22:30:19.431 : Adding Transaction id=3d1e9cc4-7622-49a1-83fe-1da8bd4e7f30 
2020-03-30 22:30:19.441 : Request:/transfer
2020-03-30 22:30:19.450 : Adding Transaction id=7098cb0a-e34d-4503-9642-10b7a2b832df 
2020-03-30 22:30:19.458 : Request:/test/miner/stop
