15/03/2020 10:22:00 : Creating new block
15/03/2020 10:22:00 : Block added Index=0, previous hash=1
15/03/2020 10:22:00 : BlockChain Initialized : NodeId=36d49cbbbd6149d29e6c628b13690aab
15/03/2020 10:22:00 : Web Service Listening on port: 12345
15/03/2020 10:22:00 : Rolling back, loading previous : C:\repos\40448091\eSecurity\assignment\blockchain\BlockChainServerNode\BlockChain.Console\bin\Debug\checkpoints\20200315100212.chk
15/03/2020 10:22:00 : Rolling complete
15/03/2020 10:22:14 : Mining for new block for ID=e5e40930cc68f38e4222d3b9c14a561489a9835c
15/03/2020 10:22:15 : Adding Transaction id=a9859634-1c64-49d7-a12e-1c63af7b2d9c 
15/03/2020 10:22:15 : Signature is valid, Transaction added id=a9859634-1c64-49d7-a12e-1c63af7b2d9c
15/03/2020 10:22:15 : Creating new block
15/03/2020 10:22:15 : Block added Index=3, previous hash=b4c10f6f87aa6fd12626684f5cfde27545f68ceda9c3e1c80143fb5c63cdc5ed
15/03/2020 10:22:15 : Mined new block Index=3, Proof=61335, previous Hash=b4c10f6f87aa6fd12626684f5cfde27545f68ceda9c3e1c80143fb5c63cdc5ed
15/03/2020 10:22:19 : Saving checkpoint
15/03/2020 10:22:25 : Checkpoint saved : 20200315102220.chk
15/03/2020 10:26:38 : Mining for new block for ID=a5ce2a1c715ae8538ec55131f1e5c9134fe2af9f
15/03/2020 10:26:39 : Adding Transaction id=c885a472-fa31-46c2-815a-03d869cce9cf 
15/03/2020 10:26:39 : Signature is valid, Transaction added id=c885a472-fa31-46c2-815a-03d869cce9cf
15/03/2020 10:26:39 : Creating new block
15/03/2020 10:26:39 : Block added Index=4, previous hash=c362f5903406dd67ebbef5a7caaf0b7333a30faecd33f1407d1c5005897c53c5
15/03/2020 10:26:39 : Mined new block Index=4, Proof=97887, previous Hash=c362f5903406dd67ebbef5a7caaf0b7333a30faecd33f1407d1c5005897c53c5
15/03/2020 10:27:08 : Request:/transactions/new
15/03/2020 10:27:08 : Adding Transaction id=7ee88236-092c-4493-b8e0-2ab4775cbbae 
15/03/2020 10:27:08 : Signature is valid, Transaction added id=7ee88236-092c-4493-b8e0-2ab4775cbbae
15/03/2020 10:27:09 : Request:/mine?a5ce2a1c715ae8538ec55131f1e5c9134fe2af9f
15/03/2020 10:27:09 : Mining for new block for ID=a5ce2a1c715ae8538ec55131f1e5c9134fe2af9f
15/03/2020 10:27:10 : Adding Transaction id=53943783-7c4f-4957-af25-dd54055cc1ca 
15/03/2020 10:27:10 : Signature is valid, Transaction added id=53943783-7c4f-4957-af25-dd54055cc1ca
15/03/2020 10:27:10 : Creating new block
15/03/2020 10:27:10 : Block added Index=5, previous hash=a9decebdb2174fed417e154fbde26247c0f83ee80246312b5323477507b9a756
15/03/2020 10:27:10 : Mined new block Index=5, Proof=58140, previous Hash=a9decebdb2174fed417e154fbde26247c0f83ee80246312b5323477507b9a756
15/03/2020 10:27:54 : Saving checkpoint
15/03/2020 10:27:55 : Checkpoint saved : 20200315102755.chk
