15/03/2020 09:55:37 : Creating new block
15/03/2020 09:55:37 : Block added Index=0, previous hash=1
15/03/2020 09:55:37 : BlockChain Initialized : NodeId=f07b565e0cea43308ad12a1df804c56c
15/03/2020 09:55:37 : Web Service Listening on port: 12345
15/03/2020 09:56:25 : Mining for new block for ID=d489b747a4e84c102c7e47c9f30d6be873913fe1
15/03/2020 09:56:28 : Adding Transaction id=efbe943a-cc87-4a81-80da-b71930033e42 
15/03/2020 09:56:28 : Signature is valid, Transaction added id=efbe943a-cc87-4a81-80da-b71930033e42
15/03/2020 09:56:29 : Creating new block
15/03/2020 09:56:29 : Block added Index=1, previous hash=efab43a94dce8849dca0ce8dc951c668bb2bee82697f3a4e4cbe74f90d6c5a96
15/03/2020 09:56:31 : Mined new block Index=1, Proof=14342, previous Hash=efab43a94dce8849dca0ce8dc951c668bb2bee82697f3a4e4cbe74f90d6c5a96
15/03/2020 09:57:45 : Saving checkpoint
15/03/2020 09:58:08 : Checkpoint saved : 20200315095745.chk
15/03/2020 09:58:19 : Rolling back, loading previous : C:\repos\40448091\eSecurity\assignment\blockchain\BlockChainServerNode\BlockChain.Console\bin\Debug\checkpoints\20200315095745.chk
15/03/2020 09:59:01 : Rolling complete
15/03/2020 09:59:48 : Request:/transactions/new
15/03/2020 09:59:48 : Adding Transaction id=f3828be2-58a3-40fc-a862-da07e52a14be 
15/03/2020 09:59:48 : Signature is valid, Transaction added id=f3828be2-58a3-40fc-a862-da07e52a14be
15/03/2020 09:59:48 : Request:/mine?e5e40930cc68f38e4222d3b9c14a561489a9835c
15/03/2020 09:59:48 : Mining for new block for ID=e5e40930cc68f38e4222d3b9c14a561489a9835c
15/03/2020 09:59:49 : Adding Transaction id=bfe42a74-5774-413b-bda9-d9cba6708d16 
15/03/2020 09:59:49 : Signature is valid, Transaction added id=bfe42a74-5774-413b-bda9-d9cba6708d16
15/03/2020 09:59:49 : Creating new block
15/03/2020 09:59:49 : Block added Index=2, previous hash=5a8589e9841fc34c4b0497a22731fe5e96803563c39e8907a9c8a206897d1448
15/03/2020 09:59:49 : Mined new block Index=2, Proof=59202, previous Hash=5a8589e9841fc34c4b0497a22731fe5e96803563c39e8907a9c8a206897d1448
15/03/2020 10:00:33 : Saving checkpoint
15/03/2020 10:00:39 : Checkpoint saved : 20200315100033.chk
15/03/2020 10:02:12 : Saving checkpoint
15/03/2020 10:02:19 : Checkpoint saved : 20200315100212.chk
15/03/2020 10:02:29 : Rolling back, loading previous : C:\repos\40448091\eSecurity\assignment\blockchain\BlockChainServerNode\BlockChain.Console\bin\Debug\checkpoints\20200315100212.chk
15/03/2020 10:03:50 : Rolling complete
