15/03/2020 12:25:02 : Creating new block
15/03/2020 12:25:02 : Block added Index=0, previous hash=1
15/03/2020 12:25:02 : BlockChain Initialized : NodeId=c0d9988973bf4557a95336ef16b433df
15/03/2020 12:25:02 : Web Service Listening on port: 12345
15/03/2020 12:25:02 : Rolling back, loading previous : C:\repos\40448091\eSecurity\assignment\blockchain\BlockChainServerNode\BlockChain.Console\bin\Debug\checkpoints\20200315102755.chk
15/03/2020 12:25:02 : Rolling complete
15/03/2020 12:25:20 : Request:/balance
15/03/2020 12:25:40 : Request:/mine?5f8a1ec808bd398f31152d0f82656062f121aae7
15/03/2020 12:25:46 : Mining for new block for ID=5f8a1ec808bd398f31152d0f82656062f121aae7
15/03/2020 12:25:55 : Adding Transaction id=caba7474-b713-4195-9b29-809ab2535435 
15/03/2020 12:25:55 : Signature is valid, Transaction added id=caba7474-b713-4195-9b29-809ab2535435
15/03/2020 12:25:56 : Creating new block
15/03/2020 12:25:56 : Block added Index=6, previous hash=a03d05497865cafa7fe0a4dbdfe559385716b68fa7db00740c998ec5ff6e462a
15/03/2020 12:25:58 : Mined new block Index=6, Proof=147803, previous Hash=a03d05497865cafa7fe0a4dbdfe559385716b68fa7db00740c998ec5ff6e462a
15/03/2020 12:26:39 : Saving checkpoint
15/03/2020 12:26:39 : Checkpoint saved : 20200315122639.chk
15/03/2020 12:26:53 : Request:/balance
15/03/2020 12:27:53 : Request:/transactions/new
15/03/2020 12:27:56 : Adding Transaction id=c7c95fe1-a168-4c11-81d2-28d293f29b98 
15/03/2020 12:27:56 : Signature validation failed, transaction rejected id=c7c95fe1-a168-4c11-81d2-28d293f29b98
