15/03/2020 13:57:24 : Creating new block
15/03/2020 13:57:24 : Block added Index=0, previous hash=1
15/03/2020 13:57:24 : BlockChain Initialized : NodeId=dcdb41db644e413fbc9fbe62b65ebadb
15/03/2020 13:57:24 : Web Service Listening on port: 12345
15/03/2020 13:57:24 : Rolling back, loading previous : C:\repos\40448091\eSecurity\assignment\blockchain\BlockChainServerNode\BlockChain.Console\bin\Debug\checkpoints\20200315124758.chk
15/03/2020 13:57:24 : Rolling complete
15/03/2020 13:57:39 : Request:/balance
15/03/2020 13:58:48 : Request:/transactions/new
15/03/2020 13:58:55 : Adding Transaction id=32eacb9d-ebd9-46f0-8051-7c1dc6910e03 
15/03/2020 13:58:55 : Signature is valid, Transaction added id=32eacb9d-ebd9-46f0-8051-7c1dc6910e03
15/03/2020 13:59:11 : Saving checkpoint
15/03/2020 13:59:11 : Checkpoint saved : 20200315135911.chk
15/03/2020 13:59:21 : Request:/balance
15/03/2020 14:00:05 : Request:/transactions/new
15/03/2020 14:00:12 : Adding Transaction id=a615be71-c01e-427c-9463-b4d9780e49d8 
15/03/2020 14:00:12 : Signature is valid, Transaction added id=a615be71-c01e-427c-9463-b4d9780e49d8
15/03/2020 14:00:28 : Request:/balance
15/03/2020 14:00:53 : Request:/mine?8f7390b6edaddc5900459f75364ee1b67dabcfaa
15/03/2020 14:00:53 : Mining for new block for ID=8f7390b6edaddc5900459f75364ee1b67dabcfaa
15/03/2020 14:00:55 : Adding Transaction id=087807ed-9e76-4335-a36b-48cf2a0ef36c 
15/03/2020 14:00:55 : Signature is valid, Transaction added id=087807ed-9e76-4335-a36b-48cf2a0ef36c
15/03/2020 14:00:55 : Creating new block
15/03/2020 14:00:55 : Block added Index=8, previous hash=aa7d69bd2b5689d5ffbb433777411bcfe776fa2179108205dfe369192d9e35af
15/03/2020 14:00:55 : Mined new block Index=8, Proof=139349, previous Hash=aa7d69bd2b5689d5ffbb433777411bcfe776fa2179108205dfe369192d9e35af
15/03/2020 14:01:05 : Saving checkpoint
15/03/2020 14:01:05 : Checkpoint saved : 20200315140105.chk
15/03/2020 14:01:14 : Request:/balance
15/03/2020 14:02:45 : Request:/mine?8f7390b6edaddc5900459f75364ee1b67dabcfaa
15/03/2020 14:02:45 : Mining for new block for ID=8f7390b6edaddc5900459f75364ee1b67dabcfaa
15/03/2020 14:02:51 : Adding Transaction id=51f0e511-c974-469d-b0e1-093fd53f2408 
15/03/2020 14:02:51 : Signature is valid, Transaction added id=51f0e511-c974-469d-b0e1-093fd53f2408
15/03/2020 14:02:52 : Creating new block
15/03/2020 14:02:52 : Block added Index=9, previous hash=8dd38eca2d6d82e7c9d2728323ceb6e2c9fcabc10c8d217e6817119c10979cef
15/03/2020 14:02:55 : Mined new block Index=9, Proof=97424, previous Hash=8dd38eca2d6d82e7c9d2728323ceb6e2c9fcabc10c8d217e6817119c10979cef
