15/03/2020 12:40:42 : Creating new block
15/03/2020 12:40:42 : Block added Index=0, previous hash=1
15/03/2020 12:40:42 : BlockChain Initialized : NodeId=49e3b0517d89443a9299c38454cc20e6
15/03/2020 12:40:42 : Web Service Listening on port: 12345
15/03/2020 12:40:42 : Rolling back, loading previous : C:\repos\40448091\eSecurity\assignment\blockchain\BlockChainServerNode\BlockChain.Console\bin\Debug\checkpoints\20200315122639.chk
15/03/2020 12:40:43 : Rolling complete
15/03/2020 12:45:34 : Request:/transactions/new
15/03/2020 12:45:45 : Adding Transaction id=12429b2a-efce-4307-8e4c-fc1022ac51ff 
15/03/2020 12:46:05 : Signature is valid, Transaction added id=12429b2a-efce-4307-8e4c-fc1022ac51ff
15/03/2020 12:47:05 : Request:/balance
15/03/2020 12:47:32 : Request:/mine?9dec36037136de076acfc290014cea35d012788c
15/03/2020 12:47:34 : Mining for new block for ID=9dec36037136de076acfc290014cea35d012788c
15/03/2020 12:47:35 : Adding Transaction id=7bd58bc6-aefb-4ccb-baa1-2f07220c1bbe 
15/03/2020 12:47:35 : Signature is valid, Transaction added id=7bd58bc6-aefb-4ccb-baa1-2f07220c1bbe
15/03/2020 12:47:35 : Creating new block
15/03/2020 12:47:35 : Block added Index=7, previous hash=86668dca76d343dba17c0b723d340832b40c0b20cdd1045afd4d0630d0f84938
15/03/2020 12:47:35 : Mined new block Index=7, Proof=48327, previous Hash=86668dca76d343dba17c0b723d340832b40c0b20cdd1045afd4d0630d0f84938
15/03/2020 12:47:58 : Saving checkpoint
15/03/2020 12:47:58 : Checkpoint saved : 20200315124758.chk
15/03/2020 12:48:10 : Request:/balance
