15/03/2020 13:06:47 : Creating new block
15/03/2020 13:06:47 : Block added Index=0, previous hash=1
15/03/2020 13:06:47 : BlockChain Initialized : NodeId=8b61360fa11c4d99ab5b048936697e29
15/03/2020 13:06:47 : Web Service Listening on port: 12345
15/03/2020 13:06:47 : Rolling back, loading previous : C:\repos\40448091\eSecurity\assignment\blockchain\BlockChainServerNode\BlockChain.Console\bin\Debug\checkpoints\20200315124758.chk
15/03/2020 13:06:48 : Rolling complete
15/03/2020 13:08:13 : Request:/transactions/new
15/03/2020 13:08:22 : Adding Transaction id=4eb23c77-a325-40cc-8a4f-a23f28b3aa5b 
15/03/2020 13:08:25 : Signature is valid, Transaction added id=4eb23c77-a325-40cc-8a4f-a23f28b3aa5b
15/03/2020 13:09:31 : Request:/balance
15/03/2020 13:09:53 : Request:/mine?d489b747a4e84c102c7e47c9f30d6be873913fe1
15/03/2020 13:09:55 : Mining for new block for ID=d489b747a4e84c102c7e47c9f30d6be873913fe1
15/03/2020 13:09:59 : Adding Transaction id=cd39ed1e-11e2-40a4-8052-85bd5c96b50f 
15/03/2020 13:09:59 : Signature is valid, Transaction added id=cd39ed1e-11e2-40a4-8052-85bd5c96b50f
15/03/2020 13:09:59 : Creating new block
15/03/2020 13:09:59 : Block added Index=8, previous hash=aa7d69bd2b5689d5ffbb433777411bcfe776fa2179108205dfe369192d9e35af
15/03/2020 13:09:59 : Mined new block Index=8, Proof=139349, previous Hash=aa7d69bd2b5689d5ffbb433777411bcfe776fa2179108205dfe369192d9e35af
15/03/2020 13:10:15 : Request:/chain
15/03/2020 13:10:39 : Request:/balance
15/03/2020 13:12:08 : Request:/transactions/new
15/03/2020 13:12:12 : Adding Transaction id=a2580e39-4fa4-4db7-847b-5942e53ebf23 
15/03/2020 13:12:16 : Signature is valid, Transaction added id=a2580e39-4fa4-4db7-847b-5942e53ebf23
15/03/2020 13:14:16 : Request:/transactions/new
15/03/2020 13:14:22 : Adding Transaction id=6012108b-6be2-47ec-9a8b-2a9dfc1f8a3e 
15/03/2020 13:14:24 : Signature is valid, Transaction added id=6012108b-6be2-47ec-9a8b-2a9dfc1f8a3e
15/03/2020 13:15:46 : Request:/balance
15/03/2020 13:16:10 : Request:/mine?cec3637ff4d236c3f81b256d4ef97bcc334f878d
15/03/2020 13:16:12 : Mining for new block for ID=cec3637ff4d236c3f81b256d4ef97bcc334f878d
15/03/2020 13:16:14 : Adding Transaction id=50e6fc41-98e8-4bee-9004-2dede5d7fd0b 
15/03/2020 13:16:14 : Signature is valid, Transaction added id=50e6fc41-98e8-4bee-9004-2dede5d7fd0b
15/03/2020 13:16:14 : Creating new block
15/03/2020 13:16:14 : Block added Index=9, previous hash=a39a5c21fc7d20e4fbcb3182b6d0ac3b66cbf1591d94df21381bfca4831af2cd
15/03/2020 13:16:14 : Mined new block Index=9, Proof=97424, previous Hash=a39a5c21fc7d20e4fbcb3182b6d0ac3b66cbf1591d94df21381bfca4831af2cd
15/03/2020 13:16:26 : Request:/balance
