15/03/2020 14:03:49 : Creating new block
15/03/2020 14:03:49 : Block added Index=0, previous hash=1
15/03/2020 14:03:49 : BlockChain Initialized : NodeId=57e554e983554eb4a8b83228843e35a6
15/03/2020 14:03:49 : Web Service Listening on port: 12345
15/03/2020 14:03:49 : Rolling back, loading previous : C:\repos\40448091\eSecurity\assignment\blockchain\BlockChainServerNode\BlockChain.Console\bin\Debug\checkpoints\20200315140105.chk
15/03/2020 14:03:50 : Rolling complete
15/03/2020 14:04:21 : Request:/mine?8f7390b6edaddc5900459f75364ee1b67dabcfaa
15/03/2020 14:04:21 : Mining for new block for ID=8f7390b6edaddc5900459f75364ee1b67dabcfaa
15/03/2020 14:04:26 : Adding Transaction id=b320a499-f78c-45bf-a6d7-a00f1a051d9a 
15/03/2020 14:04:26 : Signature is valid, Transaction added id=b320a499-f78c-45bf-a6d7-a00f1a051d9a
15/03/2020 14:04:26 : Creating new block
15/03/2020 14:04:26 : Block added Index=9, previous hash=0798d52d460ed37ca6dc0cbe634610ebd12dc3e9a37eef25fa5ae6d8e79ea3cc
15/03/2020 14:04:26 : Mined new block Index=9, Proof=97424, previous Hash=0798d52d460ed37ca6dc0cbe634610ebd12dc3e9a37eef25fa5ae6d8e79ea3cc
15/03/2020 14:04:36 : Request:/balance
15/03/2020 14:05:26 : Request:/transactions/new
15/03/2020 14:05:26 : Adding Transaction id=4cde7936-6d94-4751-b98c-44bbe0e5a3fa 
15/03/2020 14:05:26 : Signature is valid, Transaction added id=4cde7936-6d94-4751-b98c-44bbe0e5a3fa
15/03/2020 14:05:32 : Request:/balance
15/03/2020 14:06:02 : Saving checkpoint
15/03/2020 14:06:02 : Checkpoint saved : 20200315140602.chk
15/03/2020 14:06:17 : Request:/mine?193fdac90384c9c1371ec33636c2bf17f3dbf75b
15/03/2020 14:06:17 : Mining for new block for ID=193fdac90384c9c1371ec33636c2bf17f3dbf75b
15/03/2020 14:06:18 : Adding Transaction id=1e8ec37d-05d0-4c29-8125-a83461963155 
15/03/2020 14:06:18 : Signature is valid, Transaction added id=1e8ec37d-05d0-4c29-8125-a83461963155
15/03/2020 14:06:18 : Creating new block
15/03/2020 14:06:18 : Block added Index=10, previous hash=9318097b23dbb8ca3c2dad9816a623d874c2087571ce776eac8a9ce9e3da7afe
15/03/2020 14:06:18 : Mined new block Index=10, Proof=6976, previous Hash=9318097b23dbb8ca3c2dad9816a623d874c2087571ce776eac8a9ce9e3da7afe
15/03/2020 14:06:22 : Request:/balance
15/03/2020 14:06:44 : Request:/balance
15/03/2020 14:07:01 : Request:/mine?193fdac90384c9c1371ec33636c2bf17f3dbf75b
15/03/2020 14:07:01 : Mining for new block for ID=193fdac90384c9c1371ec33636c2bf17f3dbf75b
15/03/2020 14:07:02 : Adding Transaction id=2a86f1b7-a908-452c-869e-ad869d2bd019 
15/03/2020 14:07:02 : Signature is valid, Transaction added id=2a86f1b7-a908-452c-869e-ad869d2bd019
15/03/2020 14:07:02 : Creating new block
15/03/2020 14:07:02 : Block added Index=11, previous hash=9612c7d1028772e9737d9282c6f36645b5ada5cc6d815a2875bf678f0ef5be39
15/03/2020 14:07:02 : Mined new block Index=11, Proof=48619, previous Hash=9612c7d1028772e9737d9282c6f36645b5ada5cc6d815a2875bf678f0ef5be39
15/03/2020 14:07:06 : Request:/balance
