15/03/2020 10:11:42 : Creating new block
15/03/2020 10:11:42 : Block added Index=0, previous hash=1
15/03/2020 10:11:42 : BlockChain Initialized : NodeId=ba667d1143e74f238a6150c7822f825f
15/03/2020 10:11:42 : Web Service Listening on port: 12345
15/03/2020 10:11:42 : Rolling back, loading previous : C:\repos\40448091\eSecurity\assignment\blockchain\BlockChainServerNode\BlockChain.Console\bin\Debug\checkpoints\20200315100212.chk
15/03/2020 10:11:47 : Rolling complete
15/03/2020 10:15:46 : Mining for new block for ID=d489b747a4e84c102c7e47c9f30d6be873913fe1
15/03/2020 10:15:47 : Adding Transaction id=cc1ffff1-0be4-4d71-afc9-d4029a74a64f 
15/03/2020 10:15:47 : Signature is valid, Transaction added id=cc1ffff1-0be4-4d71-afc9-d4029a74a64f
15/03/2020 10:15:47 : Creating new block
15/03/2020 10:15:47 : Block added Index=3, previous hash=b4c10f6f87aa6fd12626684f5cfde27545f68ceda9c3e1c80143fb5c63cdc5ed
15/03/2020 10:15:47 : Mined new block Index=3, Proof=61335, previous Hash=b4c10f6f87aa6fd12626684f5cfde27545f68ceda9c3e1c80143fb5c63cdc5ed
15/03/2020 10:16:34 : Mining for new block for ID=e5e40930cc68f38e4222d3b9c14a561489a9835c
15/03/2020 10:16:36 : Adding Transaction id=9b822009-af28-47e9-9760-dc3c5600d599 
15/03/2020 10:16:36 : Signature is valid, Transaction added id=9b822009-af28-47e9-9760-dc3c5600d599
15/03/2020 10:16:36 : Creating new block
15/03/2020 10:16:36 : Block added Index=4, previous hash=3ce32ea737eba065fe6e936ee580b96ad5bc97cdd7947ed481600a8850d6f219
15/03/2020 10:16:36 : Mined new block Index=4, Proof=97887, previous Hash=3ce32ea737eba065fe6e936ee580b96ad5bc97cdd7947ed481600a8850d6f219
15/03/2020 10:16:44 : Mining for new block for ID=e5e40930cc68f38e4222d3b9c14a561489a9835c
15/03/2020 10:16:45 : Adding Transaction id=77f671f5-03be-40cf-806a-7990f662e251 
15/03/2020 10:16:45 : Signature is valid, Transaction added id=77f671f5-03be-40cf-806a-7990f662e251
15/03/2020 10:16:45 : Creating new block
15/03/2020 10:16:45 : Block added Index=5, previous hash=13b3799d7b4d64261a555835ae0c014088913cf42d6472a39e5f9dc58f1771ca
15/03/2020 10:16:45 : Mined new block Index=5, Proof=54449, previous Hash=13b3799d7b4d64261a555835ae0c014088913cf42d6472a39e5f9dc58f1771ca
15/03/2020 10:17:29 : Mining for new block for ID=d489b747a4e84c102c7e47c9f30d6be873913fe1
15/03/2020 10:17:46 : Adding Transaction id=7957b693-3266-4cb5-84e5-63eb7f8a324e 
15/03/2020 10:17:46 : Signature is valid, Transaction added id=7957b693-3266-4cb5-84e5-63eb7f8a324e
15/03/2020 10:18:03 : Creating new block
15/03/2020 10:18:03 : Block added Index=6, previous hash=4ec17fd17784f2b24381d7b71211792533e8e9053c88d2ae6b74ddc982da3db7
15/03/2020 10:18:07 : Mined new block Index=6, Proof=199194, previous Hash=4ec17fd17784f2b24381d7b71211792533e8e9053c88d2ae6b74ddc982da3db7
