15/03/2020 12:22:55 : Creating new block
15/03/2020 12:22:55 : Block added Index=0, previous hash=1
15/03/2020 12:22:55 : BlockChain Initialized : NodeId=195f1a522aeb447e81472b7aec39e6e4
15/03/2020 12:22:55 : Web Service Listening on port: 12345
15/03/2020 12:22:55 : Rolling back, loading previous : C:\repos\40448091\eSecurity\assignment\blockchain\BlockChainServerNode\BlockChain.Console\bin\Debug\checkpoints\20200315102755.chk
15/03/2020 12:22:56 : Rolling complete
15/03/2020 12:23:40 : Request:/mine?5f8a1ec808bd398f31152d0f82656062f121aae7
15/03/2020 12:23:40 : Mining for new block for ID=5f8a1ec808bd398f31152d0f82656062f121aae7
15/03/2020 12:23:43 : Adding Transaction id=42794470-6025-440c-b531-42b4ae8f0152 
15/03/2020 12:23:43 : Signature is valid, Transaction added id=42794470-6025-440c-b531-42b4ae8f0152
15/03/2020 12:23:43 : Creating new block
15/03/2020 12:23:43 : Block added Index=6, previous hash=a03d05497865cafa7fe0a4dbdfe559385716b68fa7db00740c998ec5ff6e462a
15/03/2020 12:23:43 : Mined new block Index=6, Proof=147803, previous Hash=a03d05497865cafa7fe0a4dbdfe559385716b68fa7db00740c998ec5ff6e462a
15/03/2020 12:24:42 : Request:/mine?5f8a1ec808bd398f31152d0f82656062f121aae7
15/03/2020 12:24:45 : Mining for new block for ID=5f8a1ec808bd398f31152d0f82656062f121aae7
15/03/2020 12:24:45 : Adding Transaction id=aa2c8ea9-317e-4396-93b9-6591d2137fc8 
15/03/2020 12:24:45 : Signature is valid, Transaction added id=aa2c8ea9-317e-4396-93b9-6591d2137fc8
15/03/2020 12:24:45 : Creating new block
15/03/2020 12:24:45 : Block added Index=7, previous hash=f5cc52a2e6bc11473a7df75569f655bc47f4f73ca3f7a76f9c2ec40496d613e5
15/03/2020 12:24:45 : Mined new block Index=7, Proof=48327, previous Hash=f5cc52a2e6bc11473a7df75569f655bc47f4f73ca3f7a76f9c2ec40496d613e5
