15/03/2020 18:51:53 : Creating new block
15/03/2020 18:51:53 : Block added Index=0, previous hash=1
15/03/2020 18:51:53 : BlockChain Initialized : NodeId=4839b16f773649cb89f13ceaec3663fa
15/03/2020 18:51:53 : Web Service Listening on port: 12345
15/03/2020 18:51:54 : Rolling back, loading previous : C:\repos\40448091\eSecurity\assignment\blockchain\BlockChainServerNode\BlockChain.Console\bin\Debug\ED25519\checkpoints\20200315183939.chk
15/03/2020 18:51:54 : Rolling complete
15/03/2020 18:52:20 : Request:/mine?215ae9d987de4bfbb11a43856fb25340531bbdf7
15/03/2020 18:52:20 : Mining for new block for ID=215ae9d987de4bfbb11a43856fb25340531bbdf7
15/03/2020 18:52:21 : Adding Transaction id=c03fb161-3add-4914-a5df-de936d4746e9 
15/03/2020 18:52:21 : Signature is valid, Transaction added id=c03fb161-3add-4914-a5df-de936d4746e9
15/03/2020 18:52:21 : Creating new block
15/03/2020 18:52:21 : Block added Index=2, previous hash=6bf5f32fa6a8976083f36205665c73ff017e2a1dc2865336e005f417c82ce3da
15/03/2020 18:52:21 : Mined new block Index=2, Proof=50329, previous Hash=6bf5f32fa6a8976083f36205665c73ff017e2a1dc2865336e005f417c82ce3da
15/03/2020 18:52:26 : Request:/balance
15/03/2020 18:52:45 : Request:/balance
15/03/2020 18:52:55 : Request:/mine?215ae9d987de4bfbb11a43856fb25340531bbdf7
15/03/2020 18:52:55 : Mining for new block for ID=215ae9d987de4bfbb11a43856fb25340531bbdf7
15/03/2020 18:52:56 : Adding Transaction id=3c9e6481-1bbb-4ee7-9690-d3ce68e4f398 
15/03/2020 18:52:56 : Signature is valid, Transaction added id=3c9e6481-1bbb-4ee7-9690-d3ce68e4f398
15/03/2020 18:52:56 : Creating new block
15/03/2020 18:52:56 : Block added Index=3, previous hash=efc85d903375521326acf0501869cd8421af2ebf277c234b106fd140af85a3ee
15/03/2020 18:52:56 : Mined new block Index=3, Proof=66319, previous Hash=efc85d903375521326acf0501869cd8421af2ebf277c234b106fd140af85a3ee
15/03/2020 18:53:03 : Request:/balance
15/03/2020 18:54:32 : Request:/transactions/new
15/03/2020 18:54:32 : Adding Transaction id=1c44d334-3a8b-4b59-a8e8-d0837e83d10f 
15/03/2020 18:54:43 : Signature is valid, Transaction added id=1c44d334-3a8b-4b59-a8e8-d0837e83d10f
15/03/2020 18:54:49 : Request:/balance
15/03/2020 18:55:16 : Saving checkpoint
15/03/2020 18:55:20 : Checkpoint saved : 20200315185520.chk
15/03/2020 18:55:34 : Request:/mine?215ae9d987de4bfbb11a43856fb25340531bbdf7
15/03/2020 18:55:34 : Mining for new block for ID=215ae9d987de4bfbb11a43856fb25340531bbdf7
15/03/2020 18:55:35 : Adding Transaction id=0180b24a-019b-4e91-abe1-97e13c094d9b 
15/03/2020 18:55:35 : Signature is valid, Transaction added id=0180b24a-019b-4e91-abe1-97e13c094d9b
15/03/2020 18:55:35 : Creating new block
15/03/2020 18:55:35 : Block added Index=4, previous hash=093d3d51a3ab4c84881619dd7b57cd03c904fd64d0fe6506c1bb944dd24d05a8
15/03/2020 18:55:35 : Mined new block Index=4, Proof=34782, previous Hash=093d3d51a3ab4c84881619dd7b57cd03c904fd64d0fe6506c1bb944dd24d05a8
15/03/2020 18:55:39 : Request:/balance
